[2026-04-01T21:10:03.058Z] GET https://migrate-astro--stacksjoules.netlify.app/curriculum/ → 200 (136ms, 27089B)
[2026-04-01T21:10:03.206Z] GET https://migrate-astro--stacksjoules.netlify.app/fonts/inter-latin-100-normal.woff2 → 404 (48ms, ?B)
[2026-04-01T21:10:03.206Z] GET https://migrate-astro--stacksjoules.netlify.app/_astro/about.DIXPu9xD.css → 200 (82ms, 19877B)
[2026-04-01T21:10:03.206Z] GET https://migrate-astro--stacksjoules.netlify.app/_astro/stacks-logo.BoKNmzaV.png → 200 (74ms, 50114B)
[2026-04-01T21:10:03.206Z] GET https://migrate-astro--stacksjoules.netlify.app/_astro/back-arrow.CRg71OVb.svg → 200 (54ms, 912B)
[2026-04-01T21:10:03.206Z] GET https://migrate-astro--stacksjoules.netlify.app/_astro/light-curriculum.oSv-O_XB.png → 200 (251ms, ?B)
[2026-04-01T21:10:03.206Z] GET https://migrate-astro--stacksjoules.netlify.app/_astro/curriculum-page-1.DSldLPGr.png → 200 (181ms, 460607B)
[2026-04-01T21:10:03.207Z] GET https://migrate-astro--stacksjoules.netlify.app/_astro/wiring-curriculum.GI7LsRBj.png → 200 (250ms, 1253307B)
[2026-04-01T21:10:03.207Z] GET https://migrate-astro--stacksjoules.netlify.app/_astro/contact-image.CcnOiOqC.png → 200 (56ms, 457395B)
[2026-04-01T21:10:03.207Z] GET https://migrate-astro--stacksjoules.netlify.app/_astro/location-icon.BraYSZRT.svg → 200 (81ms, 949B)
[2026-04-01T21:10:03.207Z] GET https://migrate-astro--stacksjoules.netlify.app/_astro/phone-icon.D6bA-LIe.svg → 200 (179ms, 1514B)
[2026-04-01T21:10:03.392Z] GET https://migrate-astro--stacksjoules.netlify.app/_astro/HeaderIsland.DDOlZwfv.js → 200 (192ms, 6571B)
[2026-04-01T21:10:03.393Z] GET https://migrate-astro--stacksjoules.netlify.app/_astro/client.Csa30nxN.js → 200 (217ms, 136560B)
[2026-04-01T21:10:03.393Z] GET https://migrate-astro--stacksjoules.netlify.app/_astro/Navigation.CDyIgb_U.js → 200 (191ms, 2604B)
[2026-04-01T21:10:03.408Z] GET https://migrate-astro--stacksjoules.netlify.app/fonts/inter-latin-400-normal.woff2 → 404 (220ms, ?B)
[2026-04-01T21:10:03.408Z] GET https://migrate-astro--stacksjoules.netlify.app/fonts/inter-latin-600-normal.woff2 → 404 (221ms, ?B)
[2026-04-01T21:10:03.408Z] GET https://migrate-astro--stacksjoules.netlify.app/fonts/MontaguSlab_120pt-Bold.ttf → 404 (200ms, ?B)
[2026-04-01T21:10:03.408Z] GET https://migrate-astro--stacksjoules.netlify.app/fonts/inter-latin-700-normal.woff2 → 404 (263ms, ?B)
[2026-04-01T21:10:03.456Z] GET https://migrate-astro--stacksjoules.netlify.app/_astro/wrenchbolt.Qych-u5M.svg → 200 (174ms, 1542B)
[2026-04-01T21:10:03.584Z] GET https://migrate-astro--stacksjoules.netlify.app/_astro/jsx-runtime.BJTeMHoC.js → 200 (195ms, 1002B)
[2026-04-01T21:10:03.584Z] GET https://migrate-astro--stacksjoules.netlify.app/_astro/index.CbttJwvd.js → 200 (233ms, 6800B)
[2026-04-01T21:10:03.585Z] GET https://migrate-astro--stacksjoules.netlify.app/_astro/about.6538de7e.CN_R60N-.js → 200 (191ms, 1536B)
[2026-04-01T21:10:03.585Z] GET https://migrate-astro--stacksjoules.netlify.app/_astro/wrenchbolt.BXy51_tE.js → 200 (192ms, 96B)
[2026-04-01T21:10:03.585Z] GET https://migrate-astro--stacksjoules.netlify.app/_astro/Button.D04_wqQd.js → 200 (192ms, 431B)
[2026-04-01T21:10:03.585Z] GET https://migrate-astro--stacksjoules.netlify.app/_astro/index.7acd3aff.B_jG4yGp.js → 200 (192ms, 45B)
[2026-04-01T21:10:03.585Z] GET https://migrate-astro--stacksjoules.netlify.app/_astro/index.b12ad851.6YPEIFYe.js → 200 (193ms, 246B)
[2026-04-01T21:10:03.585Z] GET https://migrate-astro--stacksjoules.netlify.app/_astro/Logo.BZ9MiqoD.js → 200 (193ms, 1037B)
[2026-04-01T21:10:03.585Z] GET https://migrate-astro--stacksjoules.netlify.app/_astro/StarField.BNbu1dHf.js → 200 (193ms, 2021B)
[2026-04-01T21:10:03.629Z] GET https://migrate-astro--stacksjoules.netlify.app/fonts/inter-latin-400-normal.woff → 404 (173ms, ?B)
[2026-04-01T21:10:03.629Z] GET https://migrate-astro--stacksjoules.netlify.app/fonts/inter-latin-600-normal.woff → 404 (173ms, ?B)
[2026-04-01T21:10:03.672Z] GET https://migrate-astro--stacksjoules.netlify.app/fonts/inter-latin-700-normal.woff → 404 (263ms, ?B)
[2026-04-01T21:10:03.846Z] GET https://migrate-astro--stacksjoules.netlify.app/_astro/background-pink.DZ40oTZW.png → pending (?ms, ?B)
[2026-04-01T21:11:44.934Z] GET http://localhost:4322/curriculum/ → pending (?ms, ?B)
[2026-04-01T21:11:45.457Z] GET http://localhost:4322/fonts/inter-latin-100-normal.woff2 → 200 (29ms, 23432B)
[2026-04-01T21:11:45.457Z] GET http://localhost:4322/@vite/client → 200 (80ms, 297591B)
[2026-04-01T21:11:45.457Z] GET http://localhost:4322/@fs/Users/jonathanspooner/Projects/website/node_modules/astro/dist/runtime/client/dev-toolbar/entrypoint.js?v=3afa04c6 → 200 (81ms, 52465B)
[2026-04-01T21:11:45.457Z] GET http://localhost:4322/src/styles/fonts.css → 200 (81ms, 2594B)
[2026-04-01T21:11:45.458Z] GET http://localhost:4322/src/styles/global.css → 200 (92ms, 9687B)
[2026-04-01T21:11:45.458Z] GET http://localhost:4322/src/components/layout/Header.module.css → 200 (79ms, 1203B)
[2026-04-01T21:11:45.458Z] GET http://localhost:4322/src/components/common/Logo.module.css → 200 (80ms, 1529B)
[2026-04-01T21:11:45.458Z] GET http://localhost:4322/src/components/common/StarField.module.css → 200 (81ms, 636B)
[2026-04-01T21:11:45.458Z] GET http://localhost:4322/src/components/layout/Navigation.module.css → 200 (81ms, 5743B)
[2026-04-01T21:11:45.458Z] GET http://localhost:4322/src/components/common/NavLink.module.css → 200 (81ms, 1895B)
[2026-04-01T21:11:45.458Z] GET http://localhost:4322/src/components/layout/Container.module.css → 200 (82ms, 788B)
[2026-04-01T21:11:45.458Z] GET http://localhost:4322/src/components/common/Button.module.css → 200 (82ms, 2147B)
[2026-04-01T21:11:45.458Z] GET http://localhost:4322/src/components/sections/ContactSection.module.css → 200 (82ms, 5708B)
[2026-04-01T21:11:45.458Z] GET http://localhost:4322/src/components/common/Modal.module.css → 200 (83ms, 2349B)
[2026-04-01T21:11:45.459Z] GET http://localhost:4322/src/components/common/SelectInput.module.css → 200 (83ms, 2178B)
[2026-04-01T21:11:45.459Z] GET http://localhost:4322/src/components/layout/Footer.module.css → 200 (84ms, 840B)
[2026-04-01T21:11:45.459Z] GET http://localhost:4322/src/components/layout/SectionHeader.module.css → 200 (84ms, 959B)
[2026-04-01T21:11:45.459Z] GET http://localhost:4322/src/components/blocks/panels/ImagePanel.module.css → 200 (85ms, 1604B)
[2026-04-01T21:11:45.459Z] GET http://localhost:4322/src/components/blocks/panels/AccordionPanel.module.css → 200 (89ms, 2646B)
[2026-04-01T21:11:45.459Z] GET http://localhost:4322/src/components/common/PlusSymbol.module.css → 200 (127ms, 1834B)
[2026-04-01T21:11:45.459Z] GET http://localhost:4322/src/components/blocks/block/Block.module.css → 200 (127ms, 1902B)
[2026-04-01T21:11:45.459Z] GET http://localhost:4322/src/components/common/Buffer.module.css → 200 (127ms, 711B)
[2026-04-01T21:11:45.470Z] GET http://localhost:4322/@id/astro:scripts/before-hydration.js → 200 (112ms, 988B)
[2026-04-01T21:11:45.470Z] GET http://localhost:4322/@fs/Users/jonathanspooner/Projects/website/src/assets/images/stacks-logo.png?origWidth=3864&origHeight=337&origFormat=png → 200 (103ms, 50114B)
[2026-04-01T21:11:45.470Z] GET http://localhost:4322/@fs/Users/jonathanspooner/Projects/website/src/assets/images/back-arrow.svg?origWidth=20&origHeight=18&origFormat=svg → 200 (109ms, 912B)
[2026-04-01T21:11:45.475Z] GET http://localhost:4322/@fs/Users/jonathanspooner/Projects/website/src/assets/images/light-curriculum.png?origWidth=3407&origHeight=3407&origFormat=png → 200 (101ms, ?B)
[2026-04-01T21:11:45.475Z] GET http://localhost:4322/@fs/Users/jonathanspooner/Projects/website/src/assets/images/curriculum-page-1.png?origWidth=570&origHeight=427&origFormat=png → 200 (101ms, 460607B)
[2026-04-01T21:11:45.477Z] GET http://localhost:4322/@fs/Users/jonathanspooner/Projects/website/src/assets/images/wiring-curriculum.png?origWidth=920&origHeight=920&origFormat=png → 200 (100ms, 1253307B)
[2026-04-01T21:11:45.477Z] GET http://localhost:4322/@fs/Users/jonathanspooner/Projects/website/src/assets/images/contact-image.png?origWidth=620&origHeight=270&origFormat=png → 200 (102ms, 457395B)
[2026-04-01T21:11:45.477Z] GET http://localhost:4322/@fs/Users/jonathanspooner/Projects/website/src/assets/images/location-icon.svg?origWidth=20&origHeight=21&origFormat=svg → 200 (102ms, 949B)
[2026-04-01T21:11:45.477Z] GET http://localhost:4322/@fs/Users/jonathanspooner/Projects/website/src/assets/images/phone-icon.svg?origWidth=20&origHeight=21&origFormat=svg → 200 (103ms, 1514B)
[2026-04-01T21:11:45.532Z] GET http://localhost:4322/fonts/inter-latin-400-normal.woff2 → 200 (11ms, 23692B)
[2026-04-01T21:11:45.533Z] GET http://localhost:4322/fonts/inter-latin-700-normal.woff2 → 200 (11ms, 24352B)
[2026-04-01T21:11:45.535Z] GET http://localhost:4322/fonts/inter-latin-600-normal.woff2 → 200 (14ms, 24304B)
[2026-04-01T21:11:45.535Z] GET http://localhost:4322/fonts/MontaguSlab_120pt-Bold.ttf → 200 (41ms, 136136B)
[2026-04-01T21:11:45.535Z] GET http://localhost:4322/@fs/Users/jonathanspooner/Projects/website/src/assets/images/wrenchbolt.svg?origWidth=41&origHeight=40&origFormat=svg → 200 (47ms, 1542B)
[2026-04-01T21:11:45.541Z] GET http://localhost:4322/node_modules/vite/dist/client/env.mjs → 200 (46ms, 4586B)
[2026-04-01T21:11:45.541Z] GET http://localhost:4322/@id/__x00__astro:toolbar:internal → 200 (46ms, 8955B)
[2026-04-01T21:11:45.541Z] GET http://localhost:4322/node_modules/astro/dist/runtime/client/dev-toolbar/helpers.js?v=3afa04c6 → 200 (46ms, 14267B)
[2026-04-01T21:11:45.541Z] GET http://localhost:4322/node_modules/astro/dist/runtime/client/dev-toolbar/settings.js?v=3afa04c6 → 200 (48ms, 7936B)
[2026-04-01T21:11:45.590Z] GET http://localhost:4322/@react-refresh → 200 (10ms, 113132B)
[2026-04-01T21:11:45.595Z] GET http://localhost:4322/node_modules/astro/dist/runtime/client/dev-toolbar/ui-library/window.js?v=3afa04c6 → 200 (21ms, 19284B)
[2026-04-01T21:11:45.618Z] GET http://localhost:4322/node_modules/astro/dist/runtime/client/dev-toolbar/apps/astro.js?v=3afa04c6 → 200 (3ms, 109029B)
[2026-04-01T21:11:45.618Z] GET http://localhost:4322/node_modules/astro/dist/runtime/client/dev-toolbar/apps/audit/index.js?v=3afa04c6 → 200 (4ms, 37694B)
[2026-04-01T21:11:45.618Z] GET http://localhost:4322/node_modules/astro/dist/runtime/client/dev-toolbar/apps/xray.js?v=3afa04c6 → 200 (3ms, 30990B)
[2026-04-01T21:11:45.618Z] GET http://localhost:4322/node_modules/astro/dist/runtime/client/dev-toolbar/apps/settings.js?v=3afa04c6 → 200 (4ms, 35003B)
[2026-04-01T21:11:45.618Z] GET http://localhost:4322/node_modules/astro/dist/runtime/client/dev-toolbar/toolbar.js?v=3afa04c6 → 200 (7ms, 86326B)
[2026-04-01T21:11:45.618Z] GET http://localhost:4322/node_modules/astro/dist/runtime/client/dev-toolbar/ui-library/index.js?v=3afa04c6 → 200 (228ms, 6537B)
[2026-04-01T21:11:45.620Z] GET http://localhost:4322/src/components/layout/HeaderIsland.tsx → 200 (230ms, 3637B)
[2026-04-01T21:11:45.620Z] GET http://localhost:4322/node_modules/.vite/deps/@astrojs_react_client__js.js?v=04de21c0 → 200 (223ms, 5073B)
[2026-04-01T21:11:45.620Z] GET http://localhost:4322/src/components/layout/Navigation.tsx → 200 (267ms, 23797B)
[2026-04-01T21:11:45.621Z] GET http://localhost:4322/node_modules/html-escaper/esm/index.js?v=3afa04c6 → 200 (7ms, 12896B)
[2026-04-01T21:11:45.621Z] GET http://localhost:4322/node_modules/astro/dist/runtime/client/dev-toolbar/apps/utils/highlight.js?v=3afa04c6 → 200 (219ms, 11750B)
[2026-04-01T21:11:45.621Z] GET http://localhost:4322/node_modules/astro/dist/runtime/client/dev-toolbar/apps/utils/window.js?v=3afa04c6 → 200 (220ms, 7595B)
[2026-04-01T21:11:45.621Z] GET http://localhost:4322/node_modules/astro/dist/runtime/client/dev-toolbar/ui-library/icons.js?v=3afa04c6 → 200 (234ms, 277585B)
[2026-04-01T21:11:45.621Z] GET http://localhost:4322/node_modules/astro/dist/runtime/client/dev-toolbar/apps/utils/icons.js?v=3afa04c6 → 200 (255ms, 5650B)
[2026-04-01T21:11:45.622Z] GET http://localhost:4322/node_modules/astro/dist/runtime/client/dev-toolbar/apps/audit/annotations.js?v=3afa04c6 → 200 (255ms, 3862B)
[2026-04-01T21:11:45.622Z] GET http://localhost:4322/node_modules/astro/dist/runtime/client/dev-toolbar/apps/audit/rules/index.js?v=3afa04c6 → 200 (259ms, 7035B)
[2026-04-01T21:11:45.622Z] GET http://localhost:4322/node_modules/astro/dist/runtime/client/dev-toolbar/apps/audit/ui/audit-list-item.js?v=3afa04c6 → 200 (255ms, 16740B)
[2026-04-01T21:11:45.622Z] GET http://localhost:4322/node_modules/astro/dist/runtime/client/dev-toolbar/apps/audit/ui/audit-list-window.js?v=3afa04c6 → 200 (259ms, 52021B)
[2026-04-01T21:11:45.622Z] GET http://localhost:4322/node_modules/astro/dist/runtime/client/dev-toolbar/apps/audit/ui/audit-ui.js?v=3afa04c6 → 200 (262ms, 28018B)
[2026-04-01T21:11:45.843Z] GET http://localhost:4322/node_modules/.vite/deps/chunk-UOL6SM4K.js?v=3afa04c6 → 200 (100ms, 928328B)
[2026-04-01T21:11:45.843Z] GET http://localhost:4322/node_modules/.vite/deps/chunk-5ULDFCBR.js?v=3afa04c6 → 200 (48ms, 77791B)
[2026-04-01T21:11:45.843Z] GET http://localhost:4322/node_modules/.vite/deps/chunk-5WRI5ZAA.js?v=3afa04c6 → 200 (45ms, 7184B)
[2026-04-01T21:11:45.847Z] GET http://localhost:4322/node_modules/astro/dist/runtime/client/dev-toolbar/ui-library/badge.js?v=3afa04c6 → 200 (45ms, 16480B)
[2026-04-01T21:11:45.847Z] GET http://localhost:4322/node_modules/astro/dist/runtime/client/dev-toolbar/ui-library/button.js?v=3afa04c6 → 200 (63ms, 25195B)
[2026-04-01T21:11:45.847Z] GET http://localhost:4322/node_modules/astro/dist/runtime/client/dev-toolbar/ui-library/card.js?v=3afa04c6 → 200 (65ms, 19839B)
[2026-04-01T21:11:45.847Z] GET http://localhost:4322/node_modules/astro/dist/runtime/client/dev-toolbar/ui-library/highlight.js?v=3afa04c6 → 200 (65ms, 21660B)
[2026-04-01T21:11:45.847Z] GET http://localhost:4322/node_modules/astro/dist/runtime/client/dev-toolbar/ui-library/icon.js?v=3afa04c6 → 200 (64ms, 5667B)
[2026-04-01T21:11:45.847Z] GET http://localhost:4322/node_modules/astro/dist/runtime/client/dev-toolbar/ui-library/radio-checkbox.js?v=3afa04c6 → 200 (93ms, 16332B)
[2026-04-01T21:11:45.847Z] GET http://localhost:4322/node_modules/astro/dist/runtime/client/dev-toolbar/ui-library/select.js?v=3afa04c6 → 200 (91ms, 18147B)
[2026-04-01T21:11:45.847Z] GET http://localhost:4322/node_modules/astro/dist/runtime/client/dev-toolbar/ui-library/toggle.js?v=3afa04c6 → 200 (92ms, 19016B)
[2026-04-01T21:11:45.847Z] GET http://localhost:4322/node_modules/astro/dist/runtime/client/dev-toolbar/ui-library/tooltip.js?v=3afa04c6 → 200 (92ms, 23080B)
[2026-04-01T21:11:45.850Z] GET http://localhost:4322/node_modules/.vite/deps/react_jsx-dev-runtime.js?v=04de21c0 → 200 (148ms, 35991B)
[2026-04-01T21:11:45.850Z] GET http://localhost:4322/node_modules/.vite/deps/react.js?v=04de21c0 → 200 (148ms, 1024B)
[2026-04-01T21:11:45.850Z] GET http://localhost:4322/src/components/common/ThemeProvider.tsx → 200 (148ms, 6214B)
[2026-04-01T21:11:45.850Z] GET http://localhost:4322/src/components/layout/Header.tsx → 200 (148ms, 8902B)
[2026-04-01T21:11:45.881Z] GET http://localhost:4322/node_modules/astro/dist/runtime/client/dev-toolbar/apps/audit/rules/a11y.js?v=3afa04c6 → 200 (118ms, 122184B)
[2026-04-01T21:11:45.881Z] GET http://localhost:4322/node_modules/astro/dist/runtime/client/dev-toolbar/apps/audit/rules/perf.js?v=3afa04c6 → 200 (121ms, 23587B)
[2026-04-01T21:11:45.887Z] GET http://localhost:4322/src/components/common/NavLink.tsx → 200 (113ms, 4507B)
[2026-04-01T21:11:45.887Z] GET http://localhost:4322/src/assets/images/wrenchbolt.svg?import → 200 (113ms, 1052B)
[2026-04-01T21:11:45.887Z] GET http://localhost:4322/src/assets/images/back-arrow.svg?import → 200 (113ms, 1064B)
[2026-04-01T21:11:45.887Z] GET http://localhost:4322/src/components/layout/Container.tsx → 200 (115ms, 3380B)
[2026-04-01T21:11:45.888Z] GET http://localhost:4322/src/components/common/Button.tsx → 200 (114ms, 4381B)
[2026-04-01T21:11:46.002Z] GET http://localhost:4322/src/components/common/NeuroNoiseBackground.tsx → 200 (4ms, 38380B)
[2026-04-01T21:11:46.004Z] GET http://localhost:4322/src/components/common/Logo.tsx → 200 (2ms, 9543B)
[2026-04-01T21:11:46.004Z] GET http://localhost:4322/src/assets/images/background-pink.png?import → 200 (3ms, 1095B)
[2026-04-01T21:11:46.004Z] GET http://localhost:4322/src/components/common/StarField.tsx → 200 (3ms, 20412B)
[2026-04-01T21:11:46.004Z] GET http://localhost:4322/node_modules/.vite/deps/astro___aria-query.js?v=04de21c0 → 200 (10ms, 205280B)
[2026-04-01T21:11:46.004Z] GET http://localhost:4322/node_modules/.vite/deps/astro___axobject-query.js?v=04de21c0 → 200 (10ms, 112534B)
[2026-04-01T21:11:46.012Z] GET http://localhost:4322/src/assets/images/stacks-logo.png?import → 200 (5ms, 1083B)
[2026-04-01T21:11:46.012Z] GET http://localhost:4322/src/assets/images/mobile-logo-pink.svg?import → 200 (5ms, 1104B)
[2026-04-01T21:11:46.046Z] GET http://localhost:4322/@fs/Users/jonathanspooner/Projects/website/src/assets/images/background-pink.png?origWidth=1684&origHeight=460&origFormat=png → pending (?ms, ?B)
[2026-04-01T21:11:46.298Z] GET http://localhost:4322/@fs/Users/jonathanspooner/Projects/website/src/assets/images/light-curriculum.png?origWidth=3407&origHeight=3407&origFormat=png → 200 (?ms, 24104793B)
[2026-04-01T21:11:46.298Z] GET http://localhost:4322/@fs/Users/jonathanspooner/Projects/website/src/assets/images/curriculum-page-1.png?origWidth=570&origHeight=427&origFormat=png → 200 (?ms, 460607B)
[2026-04-01T21:11:46.298Z] GET http://localhost:4322/@fs/Users/jonathanspooner/Projects/website/src/assets/images/wiring-curriculum.png?origWidth=920&origHeight=920&origFormat=png → 200 (1ms, 1253307B)
[2026-04-01T21:13:01.818Z] GET http://localhost:4322/curriculum/ → 200 (10ms, 58093B)
[2026-04-01T21:13:01.836Z] GET http://localhost:4322/fonts/inter-latin-100-normal.woff2 → 304 (10ms, ?B)
[2026-04-01T21:13:01.836Z] GET http://localhost:4322/@vite/client → 200 (25ms, 297591B)
[2026-04-01T21:13:01.836Z] GET http://localhost:4322/@fs/Users/jonathanspooner/Projects/website/node_modules/astro/dist/runtime/client/dev-toolbar/entrypoint.js?v=3afa04c6 → 200 (?ms, 52465B)
[2026-04-01T21:13:01.836Z] GET http://localhost:4322/src/styles/fonts.css → 200 (24ms, 2594B)
[2026-04-01T21:13:01.836Z] GET http://localhost:4322/src/styles/global.css → 200 (31ms, 9687B)
[2026-04-01T21:13:01.837Z] GET http://localhost:4322/src/components/layout/Header.module.css → 200 (31ms, 1203B)
[2026-04-01T21:13:01.837Z] GET http://localhost:4322/src/components/common/Logo.module.css → 200 (21ms, 1529B)
[2026-04-01T21:13:01.837Z] GET http://localhost:4322/src/components/common/StarField.module.css → 200 (24ms, 636B)
[2026-04-01T21:13:01.837Z] GET http://localhost:4322/src/components/layout/Navigation.module.css → 200 (31ms, 5743B)
[2026-04-01T21:13:01.837Z] GET http://localhost:4322/src/components/common/NavLink.module.css → 200 (30ms, 1895B)
[2026-04-01T21:13:01.837Z] GET http://localhost:4322/src/components/layout/Container.module.css → 200 (30ms, 788B)
[2026-04-01T21:13:01.838Z] GET http://localhost:4322/src/components/common/Button.module.css → 200 (30ms, 2147B)
[2026-04-01T21:13:01.838Z] GET http://localhost:4322/src/components/sections/ContactSection.module.css → 200 (32ms, 5708B)
[2026-04-01T21:13:01.838Z] GET http://localhost:4322/src/components/common/Modal.module.css → 200 (30ms, 2349B)
[2026-04-01T21:13:01.838Z] GET http://localhost:4322/src/components/common/SelectInput.module.css → 200 (32ms, 2178B)
[2026-04-01T21:13:01.838Z] GET http://localhost:4322/src/components/layout/Footer.module.css → 200 (33ms, 840B)
[2026-04-01T21:13:01.838Z] GET http://localhost:4322/src/components/layout/SectionHeader.module.css → 200 (40ms, 959B)
[2026-04-01T21:13:01.838Z] GET http://localhost:4322/src/components/blocks/panels/ImagePanel.module.css → 200 (40ms, 1604B)
[2026-04-01T21:13:01.838Z] GET http://localhost:4322/src/components/blocks/panels/AccordionPanel.module.css → 200 (43ms, 2646B)
[2026-04-01T21:13:01.838Z] GET http://localhost:4322/src/components/common/PlusSymbol.module.css → 200 (44ms, 1834B)
[2026-04-01T21:13:01.838Z] GET http://localhost:4322/src/components/blocks/block/Block.module.css → 200 (44ms, 1902B)
[2026-04-01T21:13:01.838Z] GET http://localhost:4322/src/components/common/Buffer.module.css → 200 (47ms, 711B)
[2026-04-01T21:13:01.839Z] GET http://localhost:4322/@id/__x00__astro:toolbar:internal → 200 (46ms, 8955B)
[2026-04-01T21:13:01.839Z] GET http://localhost:4322/node_modules/astro/dist/runtime/client/dev-toolbar/helpers.js?v=3afa04c6 → 200 (?ms, 14267B)
[2026-04-01T21:13:01.839Z] GET http://localhost:4322/node_modules/astro/dist/runtime/client/dev-toolbar/settings.js?v=3afa04c6 → 200 (?ms, 7936B)
[2026-04-01T21:13:01.839Z] GET http://localhost:4322/node_modules/astro/dist/runtime/client/dev-toolbar/ui-library/window.js?v=3afa04c6 → 200 (?ms, 19284B)
[2026-04-01T21:13:01.841Z] GET http://localhost:4322/@fs/Users/jonathanspooner/Projects/website/src/assets/images/stacks-logo.png?origWidth=3864&origHeight=337&origFormat=png → 304 (44ms, ?B)
[2026-04-01T21:13:01.841Z] GET http://localhost:4322/@id/astro:scripts/before-hydration.js → 200 (44ms, 988B)
[2026-04-01T21:13:01.842Z] GET http://localhost:4322/@fs/Users/jonathanspooner/Projects/website/src/assets/images/back-arrow.svg?origWidth=20&origHeight=18&origFormat=svg → 304 (43ms, ?B)
[2026-04-01T21:13:01.854Z] GET http://localhost:4322/fonts/inter-latin-700-normal.woff2 → 304 (4ms, ?B)
[2026-04-01T21:13:01.854Z] GET http://localhost:4322/fonts/inter-latin-600-normal.woff2 → 304 (4ms, ?B)
[2026-04-01T21:13:01.854Z] GET http://localhost:4322/fonts/MontaguSlab_120pt-Bold.ttf → 304 (7ms, ?B)
[2026-04-01T21:13:01.855Z] GET http://localhost:4322/fonts/inter-latin-400-normal.woff2 → 304 (5ms, ?B)
[2026-04-01T21:13:01.855Z] GET http://localhost:4322/@fs/Users/jonathanspooner/Projects/website/src/assets/images/wrenchbolt.svg?origWidth=41&origHeight=40&origFormat=svg → 304 (29ms, ?B)
[2026-04-01T21:13:01.855Z] GET http://localhost:4322/@fs/Users/jonathanspooner/Projects/website/src/assets/images/light-curriculum.png?origWidth=3407&origHeight=3407&origFormat=png → 200 (54ms, ?B)
[2026-04-01T21:13:01.855Z] GET http://localhost:4322/@fs/Users/jonathanspooner/Projects/website/src/assets/images/curriculum-page-1.png?origWidth=570&origHeight=427&origFormat=png → 200 (54ms, 460607B)
[2026-04-01T21:13:01.856Z] GET http://localhost:4322/@fs/Users/jonathanspooner/Projects/website/src/assets/images/wiring-curriculum.png?origWidth=920&origHeight=920&origFormat=png → 200 (29ms, 1253307B)
[2026-04-01T21:13:01.856Z] GET http://localhost:4322/@fs/Users/jonathanspooner/Projects/website/src/assets/images/contact-image.png?origWidth=620&origHeight=270&origFormat=png → 304 (33ms, ?B)
[2026-04-01T21:13:01.856Z] GET http://localhost:4322/@fs/Users/jonathanspooner/Projects/website/src/assets/images/location-icon.svg?origWidth=20&origHeight=21&origFormat=svg → 304 (33ms, ?B)
[2026-04-01T21:13:01.856Z] GET http://localhost:4322/@fs/Users/jonathanspooner/Projects/website/src/assets/images/phone-icon.svg?origWidth=20&origHeight=21&origFormat=svg → 304 (53ms, ?B)
[2026-04-01T21:13:01.861Z] GET http://localhost:4322/node_modules/vite/dist/client/env.mjs → 200 (26ms, 4586B)
[2026-04-01T21:13:01.887Z] GET http://localhost:4322/@react-refresh → 200 (77ms, 113132B)
[2026-04-01T21:13:01.890Z] GET http://localhost:4322/node_modules/astro/dist/runtime/client/dev-toolbar/apps/astro.js?v=3afa04c6 → 200 (?ms, 109029B)
[2026-04-01T21:13:01.890Z] GET http://localhost:4322/node_modules/astro/dist/runtime/client/dev-toolbar/apps/audit/index.js?v=3afa04c6 → 200 (?ms, 37694B)
[2026-04-01T21:13:01.898Z] GET http://localhost:4322/node_modules/astro/dist/runtime/client/dev-toolbar/apps/xray.js?v=3afa04c6 → 200 (?ms, 30990B)
[2026-04-01T21:13:01.899Z] GET http://localhost:4322/node_modules/astro/dist/runtime/client/dev-toolbar/apps/settings.js?v=3afa04c6 → 200 (?ms, 35003B)
[2026-04-01T21:13:01.903Z] GET http://localhost:4322/node_modules/astro/dist/runtime/client/dev-toolbar/toolbar.js?v=3afa04c6 → 200 (?ms, 86326B)
[2026-04-01T21:13:01.904Z] GET http://localhost:4322/node_modules/astro/dist/runtime/client/dev-toolbar/ui-library/index.js?v=3afa04c6 → 200 (?ms, 6537B)
[2026-04-01T21:13:01.910Z] GET http://localhost:4322/node_modules/astro/dist/runtime/client/dev-toolbar/ui-library/icons.js?v=3afa04c6 → 200 (1ms, 277585B)
[2026-04-01T21:13:01.911Z] GET http://localhost:4322/node_modules/astro/dist/runtime/client/dev-toolbar/apps/utils/icons.js?v=3afa04c6 → 200 (?ms, 5650B)
[2026-04-01T21:13:01.911Z] GET http://localhost:4322/node_modules/astro/dist/runtime/client/dev-toolbar/apps/utils/window.js?v=3afa04c6 → 200 (?ms, 7595B)
[2026-04-01T21:13:01.913Z] GET http://localhost:4322/node_modules/astro/dist/runtime/client/dev-toolbar/apps/utils/highlight.js?v=3afa04c6 → 200 (1ms, 11750B)
[2026-04-01T21:13:01.914Z] GET http://localhost:4322/node_modules/astro/dist/runtime/client/dev-toolbar/apps/audit/annotations.js?v=3afa04c6 → 200 (?ms, 3862B)
[2026-04-01T21:13:01.915Z] GET http://localhost:4322/node_modules/astro/dist/runtime/client/dev-toolbar/apps/audit/rules/index.js?v=3afa04c6 → 200 (?ms, 7035B)
[2026-04-01T21:13:01.915Z] GET http://localhost:4322/node_modules/astro/dist/runtime/client/dev-toolbar/apps/audit/ui/audit-list-item.js?v=3afa04c6 → 200 (?ms, 16740B)
[2026-04-01T21:13:01.915Z] GET http://localhost:4322/node_modules/astro/dist/runtime/client/dev-toolbar/apps/audit/ui/audit-list-window.js?v=3afa04c6 → 200 (1ms, 52021B)
[2026-04-01T21:13:01.916Z] GET http://localhost:4322/node_modules/astro/dist/runtime/client/dev-toolbar/apps/audit/ui/audit-ui.js?v=3afa04c6 → 200 (?ms, 28018B)
[2026-04-01T21:13:01.916Z] GET http://localhost:4322/node_modules/html-escaper/esm/index.js?v=3afa04c6 → 200 (?ms, 12896B)
[2026-04-01T21:13:01.928Z] GET http://localhost:4322/node_modules/astro/dist/runtime/client/dev-toolbar/ui-library/badge.js?v=3afa04c6 → 200 (?ms, 16480B)
[2026-04-01T21:13:01.928Z] GET http://localhost:4322/node_modules/astro/dist/runtime/client/dev-toolbar/ui-library/button.js?v=3afa04c6 → 200 (?ms, 25195B)
[2026-04-01T21:13:01.949Z] GET http://localhost:4322/node_modules/astro/dist/runtime/client/dev-toolbar/ui-library/card.js?v=3afa04c6 → 200 (?ms, 19839B)
[2026-04-01T21:13:01.949Z] GET http://localhost:4322/node_modules/astro/dist/runtime/client/dev-toolbar/ui-library/highlight.js?v=3afa04c6 → 200 (?ms, 21660B)
[2026-04-01T21:13:01.949Z] GET http://localhost:4322/node_modules/astro/dist/runtime/client/dev-toolbar/ui-library/icon.js?v=3afa04c6 → 200 (2ms, 5667B)
[2026-04-01T21:13:01.951Z] GET http://localhost:4322/node_modules/astro/dist/runtime/client/dev-toolbar/ui-library/radio-checkbox.js?v=3afa04c6 → 200 (?ms, 16332B)
[2026-04-01T21:13:01.951Z] GET http://localhost:4322/node_modules/astro/dist/runtime/client/dev-toolbar/ui-library/select.js?v=3afa04c6 → 200 (?ms, 18147B)
[2026-04-01T21:13:01.953Z] GET http://localhost:4322/node_modules/astro/dist/runtime/client/dev-toolbar/ui-library/toggle.js?v=3afa04c6 → 200 (?ms, 19016B)
[2026-04-01T21:13:01.953Z] GET http://localhost:4322/node_modules/astro/dist/runtime/client/dev-toolbar/ui-library/tooltip.js?v=3afa04c6 → 200 (?ms, 23080B)
[2026-04-01T21:13:01.964Z] GET http://localhost:4322/node_modules/astro/dist/runtime/client/dev-toolbar/apps/audit/rules/a11y.js?v=3afa04c6 → 200 (?ms, 122184B)
[2026-04-01T21:13:01.964Z] GET http://localhost:4322/node_modules/astro/dist/runtime/client/dev-toolbar/apps/audit/rules/perf.js?v=3afa04c6 → 200 (?ms, 23587B)
[2026-04-01T21:13:01.965Z] GET http://localhost:4322/node_modules/.vite/deps/astro___aria-query.js?v=04de21c0 → 200 (2ms, 205280B)
[2026-04-01T21:13:01.967Z] GET http://localhost:4322/node_modules/.vite/deps/astro___axobject-query.js?v=04de21c0 → 200 (1ms, 112534B)
[2026-04-01T21:13:01.969Z] GET http://localhost:4322/node_modules/.vite/deps/chunk-5WRI5ZAA.js?v=3afa04c6 → 200 (?ms, 7184B)
[2026-04-01T21:13:01.969Z] GET http://localhost:4322/src/components/layout/HeaderIsland.tsx → 200 (3ms, 3637B)
[2026-04-01T21:13:01.969Z] GET http://localhost:4322/node_modules/.vite/deps/@astrojs_react_client__js.js?v=04de21c0 → 200 (1ms, 5073B)
[2026-04-01T21:13:01.970Z] GET http://localhost:4322/src/components/layout/Navigation.tsx → 200 (2ms, 23797B)
[2026-04-01T21:13:01.971Z] GET http://localhost:4322/node_modules/.vite/deps/chunk-UOL6SM4K.js?v=3afa04c6 → 200 (?ms, 928328B)
[2026-04-01T21:13:01.971Z] GET http://localhost:4322/node_modules/.vite/deps/chunk-5ULDFCBR.js?v=3afa04c6 → 200 (?ms, 77791B)
[2026-04-01T21:13:01.980Z] GET http://localhost:4322/node_modules/.vite/deps/react_jsx-dev-runtime.js?v=04de21c0 → 200 (?ms, 35991B)
[2026-04-01T21:13:01.980Z] GET http://localhost:4322/node_modules/.vite/deps/react.js?v=04de21c0 → 200 (1ms, 1024B)
[2026-04-01T21:13:01.981Z] GET http://localhost:4322/src/components/common/ThemeProvider.tsx → 200 (16ms, 6214B)
[2026-04-01T21:13:01.981Z] GET http://localhost:4322/src/components/layout/Header.tsx → 200 (17ms, 8902B)
[2026-04-01T21:13:01.982Z] GET http://localhost:4322/src/components/common/NavLink.tsx → 200 (16ms, 4507B)
[2026-04-01T21:13:01.982Z] GET http://localhost:4322/src/assets/images/wrenchbolt.svg?import → 200 (17ms, 1052B)
[2026-04-01T21:13:01.982Z] GET http://localhost:4322/src/assets/images/back-arrow.svg?import → 200 (16ms, 1064B)
[2026-04-01T21:13:01.982Z] GET http://localhost:4322/src/components/layout/Container.tsx → 200 (17ms, 3380B)
[2026-04-01T21:13:01.982Z] GET http://localhost:4322/src/components/common/Button.tsx → 200 (17ms, 4381B)
[2026-04-01T21:13:02.006Z] GET http://localhost:4322/src/components/common/NeuroNoiseBackground.tsx → 200 (1ms, 38380B)
[2026-04-01T21:13:02.006Z] GET http://localhost:4322/src/components/common/Logo.tsx → 200 (2ms, 9543B)
[2026-04-01T21:13:02.006Z] GET http://localhost:4322/src/assets/images/background-pink.png?import → 200 (2ms, 1095B)
[2026-04-01T21:13:02.006Z] GET http://localhost:4322/src/components/common/StarField.tsx → 200 (2ms, 20412B)
[2026-04-01T21:13:02.008Z] GET http://localhost:4322/src/assets/images/stacks-logo.png?import → 200 (?ms, 1083B)
[2026-04-01T21:13:02.008Z] GET http://localhost:4322/src/assets/images/mobile-logo-pink.svg?import → 200 (?ms, 1104B)
[2026-04-01T21:13:02.009Z] GET http://localhost:4322/@fs/Users/jonathanspooner/Projects/website/src/assets/images/background-pink.png?origWidth=1684&origHeight=460&origFormat=png → 304 (?ms, ?B)
[2026-04-01T21:13:02.009Z] GET http://localhost:4322/@fs/Users/jonathanspooner/Projects/website/src/assets/images/light-curriculum.png?origWidth=3407&origHeight=3407&origFormat=png → 200 (9ms, ?B)
[2026-04-01T21:13:02.618Z] GET http://localhost:4322/@fs/Users/jonathanspooner/Projects/website/src/assets/images/curriculum-page-1.png?origWidth=570&origHeight=427&origFormat=png → 200 (?ms, 460607B)
[2026-04-01T21:13:02.618Z] GET http://localhost:4322/@fs/Users/jonathanspooner/Projects/website/src/assets/images/wiring-curriculum.png?origWidth=920&origHeight=920&origFormat=png → 200 (?ms, 1253307B)
[2026-04-01T21:13:31.706Z] GET http://localhost:4322/curriculum/ → 200 (32ms, 60393B)
[2026-04-01T21:13:31.744Z] GET http://localhost:4322/fonts/inter-latin-100-normal.woff2 → 304 (10ms, ?B)
[2026-04-01T21:13:31.744Z] GET http://localhost:4322/@vite/client → 200 (34ms, 297591B)
[2026-04-01T21:13:31.744Z] GET http://localhost:4322/@fs/Users/jonathanspooner/Projects/website/node_modules/astro/dist/runtime/client/dev-toolbar/entrypoint.js?v=3afa04c6 → 200 (?ms, 52465B)
[2026-04-01T21:13:31.745Z] GET http://localhost:4322/src/styles/fonts.css → 200 (29ms, 2594B)
[2026-04-01T21:13:31.745Z] GET http://localhost:4322/src/styles/global.css → 200 (31ms, 9687B)
[2026-04-01T21:13:31.745Z] GET http://localhost:4322/src/components/layout/Header.module.css → 200 (31ms, 1203B)
[2026-04-01T21:13:31.745Z] GET http://localhost:4322/src/components/common/Logo.module.css → 200 (16ms, 1529B)
[2026-04-01T21:13:31.745Z] GET http://localhost:4322/src/components/common/StarField.module.css → 200 (29ms, 636B)
[2026-04-01T21:13:31.745Z] GET http://localhost:4322/src/components/layout/Navigation.module.css → 200 (33ms, 5743B)
[2026-04-01T21:13:31.745Z] GET http://localhost:4322/src/components/common/NavLink.module.css → 200 (33ms, 1895B)
[2026-04-01T21:13:31.745Z] GET http://localhost:4322/src/components/layout/Container.module.css → 200 (38ms, 788B)
[2026-04-01T21:13:31.745Z] GET http://localhost:4322/src/components/common/Button.module.css → 200 (39ms, 2147B)
[2026-04-01T21:13:31.746Z] GET http://localhost:4322/src/components/sections/ContactSection.module.css → 200 (39ms, 5708B)
[2026-04-01T21:13:31.746Z] GET http://localhost:4322/src/components/common/Modal.module.css → 200 (39ms, 2349B)
[2026-04-01T21:13:31.746Z] GET http://localhost:4322/src/components/common/SelectInput.module.css → 200 (42ms, 2178B)
[2026-04-01T21:13:31.746Z] GET http://localhost:4322/src/components/layout/Footer.module.css → 200 (42ms, 840B)
[2026-04-01T21:13:31.746Z] GET http://localhost:4322/src/components/layout/SectionHeader.module.css → 200 (39ms, 959B)
[2026-04-01T21:13:31.746Z] GET http://localhost:4322/src/components/blocks/panels/ImagePanel.module.css → 200 (44ms, 1604B)
[2026-04-01T21:13:31.746Z] GET http://localhost:4322/src/components/blocks/panels/AccordionPanel.module.css → 200 (45ms, 2646B)
[2026-04-01T21:13:31.747Z] GET http://localhost:4322/src/components/common/PlusSymbol.module.css → 200 (46ms, 1834B)
[2026-04-01T21:13:31.747Z] GET http://localhost:4322/src/components/blocks/block/Block.module.css → 200 (42ms, 1902B)
[2026-04-01T21:13:31.747Z] GET http://localhost:4322/src/components/common/Buffer.module.css → 200 (42ms, 711B)
[2026-04-01T21:13:31.748Z] GET http://localhost:4322/@id/__x00__astro:toolbar:internal → 200 (46ms, 8955B)
[2026-04-01T21:13:31.748Z] GET http://localhost:4322/node_modules/astro/dist/runtime/client/dev-toolbar/helpers.js?v=3afa04c6 → 200 (?ms, 14267B)
[2026-04-01T21:13:31.748Z] GET http://localhost:4322/node_modules/astro/dist/runtime/client/dev-toolbar/settings.js?v=3afa04c6 → 200 (?ms, 7936B)
[2026-04-01T21:13:31.748Z] GET http://localhost:4322/node_modules/astro/dist/runtime/client/dev-toolbar/ui-library/window.js?v=3afa04c6 → 200 (1ms, 19284B)
[2026-04-01T21:13:31.751Z] GET http://localhost:4322/@fs/Users/jonathanspooner/Projects/website/src/assets/images/stacks-logo.png?origWidth=3864&origHeight=337&origFormat=png → 304 (43ms, ?B)
[2026-04-01T21:13:31.751Z] GET http://localhost:4322/@id/astro:scripts/before-hydration.js → 200 (42ms, 988B)
[2026-04-01T21:13:31.751Z] GET http://localhost:4322/@fs/Users/jonathanspooner/Projects/website/src/assets/images/back-arrow.svg?origWidth=20&origHeight=18&origFormat=svg → 304 (44ms, ?B)
[2026-04-01T21:13:31.754Z] GET http://localhost:4322/@fs/Users/jonathanspooner/Projects/website/src/assets/images/light-curriculum.png?origWidth=3407&origHeight=3407&origFormat=png → 200 (56ms, ?B)
[2026-04-01T21:13:31.759Z] GET http://localhost:4322/fonts/inter-latin-700-normal.woff2 → 304 (?ms, ?B)
[2026-04-01T21:13:31.759Z] GET http://localhost:4322/fonts/inter-latin-600-normal.woff2 → 304 (11ms, ?B)
[2026-04-01T21:13:31.759Z] GET http://localhost:4322/fonts/MontaguSlab_120pt-Bold.ttf → 304 (13ms, ?B)
[2026-04-01T21:13:31.759Z] GET http://localhost:4322/fonts/inter-latin-400-normal.woff2 → 304 (13ms, ?B)
[2026-04-01T21:13:31.759Z] GET http://localhost:4322/@fs/Users/jonathanspooner/Projects/website/src/assets/images/wrenchbolt.svg?origWidth=41&origHeight=40&origFormat=svg → 304 (35ms, ?B)
[2026-04-01T21:13:31.770Z] GET http://localhost:4322/@fs/Users/jonathanspooner/Projects/website/src/assets/images/curriculum-page-1.png?origWidth=570&origHeight=427&origFormat=png → 200 (26ms, 460607B)
[2026-04-01T21:13:31.770Z] GET http://localhost:4322/@fs/Users/jonathanspooner/Projects/website/src/assets/images/wiring-curriculum.png?origWidth=920&origHeight=920&origFormat=png → 200 (40ms, 1253307B)
[2026-04-01T21:13:31.770Z] GET http://localhost:4322/@fs/Users/jonathanspooner/Projects/website/src/assets/images/contact-image.png?origWidth=620&origHeight=270&origFormat=png → 304 (29ms, ?B)
[2026-04-01T21:13:31.770Z] GET http://localhost:4322/@fs/Users/jonathanspooner/Projects/website/src/assets/images/location-icon.svg?origWidth=20&origHeight=21&origFormat=svg → 304 (40ms, ?B)
[2026-04-01T21:13:31.770Z] GET http://localhost:4322/@fs/Users/jonathanspooner/Projects/website/src/assets/images/phone-icon.svg?origWidth=20&origHeight=21&origFormat=svg → 304 (40ms, ?B)
[2026-04-01T21:13:31.785Z] GET http://localhost:4322/node_modules/vite/dist/client/env.mjs → 200 (13ms, 4586B)
[2026-04-01T21:13:31.793Z] GET http://localhost:4322/@react-refresh → 200 (20ms, 113132B)
[2026-04-01T21:13:31.801Z] GET http://localhost:4322/node_modules/astro/dist/runtime/client/dev-toolbar/apps/astro.js?v=3afa04c6 → 200 (4ms, 109029B)
[2026-04-01T21:13:31.805Z] GET http://localhost:4322/node_modules/astro/dist/runtime/client/dev-toolbar/apps/audit/index.js?v=3afa04c6 → 200 (?ms, 37694B)
[2026-04-01T21:13:31.807Z] GET http://localhost:4322/node_modules/astro/dist/runtime/client/dev-toolbar/apps/xray.js?v=3afa04c6 → 200 (?ms, 30990B)
[2026-04-01T21:13:31.807Z] GET http://localhost:4322/node_modules/astro/dist/runtime/client/dev-toolbar/apps/settings.js?v=3afa04c6 → 200 (?ms, 35003B)
[2026-04-01T21:13:31.809Z] GET http://localhost:4322/node_modules/astro/dist/runtime/client/dev-toolbar/toolbar.js?v=3afa04c6 → 200 (?ms, 86326B)
[2026-04-01T21:13:31.809Z] GET http://localhost:4322/node_modules/astro/dist/runtime/client/dev-toolbar/ui-library/index.js?v=3afa04c6 → 200 (?ms, 6537B)
[2026-04-01T21:13:31.813Z] GET http://localhost:4322/node_modules/astro/dist/runtime/client/dev-toolbar/ui-library/icons.js?v=3afa04c6 → 200 (?ms, 277585B)
[2026-04-01T21:13:31.814Z] GET http://localhost:4322/node_modules/astro/dist/runtime/client/dev-toolbar/apps/utils/icons.js?v=3afa04c6 → 200 (2ms, 5650B)
[2026-04-01T21:13:31.816Z] GET http://localhost:4322/node_modules/astro/dist/runtime/client/dev-toolbar/apps/utils/window.js?v=3afa04c6 → 200 (?ms, 7595B)
[2026-04-01T21:13:31.816Z] GET http://localhost:4322/node_modules/astro/dist/runtime/client/dev-toolbar/apps/utils/highlight.js?v=3afa04c6 → 200 (?ms, 11750B)
[2026-04-01T21:13:31.817Z] GET http://localhost:4322/node_modules/astro/dist/runtime/client/dev-toolbar/apps/audit/annotations.js?v=3afa04c6 → 200 (?ms, 3862B)
[2026-04-01T21:13:31.817Z] GET http://localhost:4322/node_modules/astro/dist/runtime/client/dev-toolbar/apps/audit/rules/index.js?v=3afa04c6 → 200 (?ms, 7035B)
[2026-04-01T21:13:31.818Z] GET http://localhost:4322/node_modules/astro/dist/runtime/client/dev-toolbar/apps/audit/ui/audit-list-item.js?v=3afa04c6 → 200 (1ms, 16740B)
[2026-04-01T21:13:31.819Z] GET http://localhost:4322/node_modules/astro/dist/runtime/client/dev-toolbar/apps/audit/ui/audit-list-window.js?v=3afa04c6 → 200 (?ms, 52021B)
[2026-04-01T21:13:31.819Z] GET http://localhost:4322/node_modules/astro/dist/runtime/client/dev-toolbar/apps/audit/ui/audit-ui.js?v=3afa04c6 → 200 (8ms, 28018B)
[2026-04-01T21:13:31.827Z] GET http://localhost:4322/node_modules/html-escaper/esm/index.js?v=3afa04c6 → 200 (?ms, 12896B)
[2026-04-01T21:13:31.829Z] GET http://localhost:4322/node_modules/astro/dist/runtime/client/dev-toolbar/ui-library/badge.js?v=3afa04c6 → 200 (?ms, 16480B)
[2026-04-01T21:13:31.829Z] GET http://localhost:4322/node_modules/astro/dist/runtime/client/dev-toolbar/ui-library/button.js?v=3afa04c6 → 200 (?ms, 25195B)
[2026-04-01T21:13:31.830Z] GET http://localhost:4322/node_modules/astro/dist/runtime/client/dev-toolbar/ui-library/card.js?v=3afa04c6 → 200 (1ms, 19839B)
[2026-04-01T21:13:31.832Z] GET http://localhost:4322/node_modules/astro/dist/runtime/client/dev-toolbar/ui-library/highlight.js?v=3afa04c6 → 200 (?ms, 21660B)
[2026-04-01T21:13:31.832Z] GET http://localhost:4322/node_modules/astro/dist/runtime/client/dev-toolbar/ui-library/icon.js?v=3afa04c6 → 200 (?ms, 5667B)
[2026-04-01T21:13:31.833Z] GET http://localhost:4322/node_modules/astro/dist/runtime/client/dev-toolbar/ui-library/radio-checkbox.js?v=3afa04c6 → 200 (?ms, 16332B)
[2026-04-01T21:13:31.833Z] GET http://localhost:4322/node_modules/astro/dist/runtime/client/dev-toolbar/ui-library/select.js?v=3afa04c6 → 200 (?ms, 18147B)
[2026-04-01T21:13:31.833Z] GET http://localhost:4322/node_modules/astro/dist/runtime/client/dev-toolbar/ui-library/toggle.js?v=3afa04c6 → 200 (1ms, 19016B)
[2026-04-01T21:13:31.834Z] GET http://localhost:4322/node_modules/astro/dist/runtime/client/dev-toolbar/ui-library/tooltip.js?v=3afa04c6 → 200 (?ms, 23080B)
[2026-04-01T21:13:31.839Z] GET http://localhost:4322/node_modules/astro/dist/runtime/client/dev-toolbar/apps/audit/rules/a11y.js?v=3afa04c6 → 200 (1ms, 122184B)
[2026-04-01T21:13:31.841Z] GET http://localhost:4322/node_modules/astro/dist/runtime/client/dev-toolbar/apps/audit/rules/perf.js?v=3afa04c6 → 200 (?ms, 23587B)
[2026-04-01T21:13:31.842Z] GET http://localhost:4322/node_modules/.vite/deps/astro___aria-query.js?v=04de21c0 → 200 (?ms, 205280B)
[2026-04-01T21:13:31.842Z] GET http://localhost:4322/node_modules/.vite/deps/astro___axobject-query.js?v=04de21c0 → 200 (?ms, 112534B)
[2026-04-01T21:13:31.843Z] GET http://localhost:4322/src/components/layout/HeaderIsland.tsx → 200 (8ms, 3637B)
[2026-04-01T21:13:31.843Z] GET http://localhost:4322/node_modules/.vite/deps/@astrojs_react_client__js.js?v=04de21c0 → 200 (?ms, 5073B)
[2026-04-01T21:13:31.843Z] GET http://localhost:4322/src/components/layout/Navigation.tsx → 200 (8ms, 23797B)
[2026-04-01T21:13:31.843Z] GET http://localhost:4322/src/components/blocks/panels/AccordionPanel.tsx → 200 (351ms, 11077B)
[2026-04-01T21:13:31.843Z] GET http://localhost:4322/node_modules/.vite/deps/chunk-5WRI5ZAA.js?v=3afa04c6 → 200 (?ms, 7184B)
[2026-04-01T21:13:31.844Z] GET http://localhost:4322/node_modules/.vite/deps/chunk-UOL6SM4K.js?v=3afa04c6 → 200 (?ms, 928328B)
[2026-04-01T21:13:31.844Z] GET http://localhost:4322/node_modules/.vite/deps/chunk-5ULDFCBR.js?v=3afa04c6 → 200 (?ms, 77791B)
[2026-04-01T21:13:31.853Z] GET http://localhost:4322/node_modules/.vite/deps/react_jsx-dev-runtime.js?v=04de21c0 → 200 (?ms, 35991B)
[2026-04-01T21:13:31.853Z] GET http://localhost:4322/node_modules/.vite/deps/react.js?v=04de21c0 → 200 (?ms, 1024B)
[2026-04-01T21:13:31.994Z] GET http://localhost:4322/src/components/common/ThemeProvider.tsx → 200 (182ms, 6214B)
[2026-04-01T21:13:32.015Z] GET http://localhost:4322/src/components/layout/Header.tsx → 200 (162ms, 8902B)
[2026-04-01T21:13:32.015Z] GET http://localhost:4322/src/components/common/NavLink.tsx → 200 (162ms, 4507B)
[2026-04-01T21:13:32.015Z] GET http://localhost:4322/src/assets/images/wrenchbolt.svg?import → 200 (163ms, 1052B)
[2026-04-01T21:13:32.015Z] GET http://localhost:4322/src/assets/images/back-arrow.svg?import → 200 (163ms, 1064B)
[2026-04-01T21:13:32.015Z] GET http://localhost:4322/src/components/layout/Container.tsx → 200 (163ms, 3380B)
[2026-04-01T21:13:32.092Z] GET http://localhost:4322/src/components/common/Button.tsx → 200 (91ms, 4381B)
[2026-04-01T21:13:32.092Z] GET http://localhost:4322/@fs/Users/jonathanspooner/Projects/website/src/assets/images/light-curriculum.png?origWidth=3407&origHeight=3407&origFormat=png → 200 (245ms, ?B)
[2026-04-01T21:13:32.198Z] GET http://localhost:4322/src/components/common/NeuroNoiseBackground.tsx → 200 (36ms, 38380B)
[2026-04-01T21:13:32.198Z] GET http://localhost:4322/src/components/common/Logo.tsx → 200 (36ms, 9543B)
[2026-04-01T21:13:32.198Z] GET http://localhost:4322/src/assets/images/background-pink.png?import → 200 (120ms, 1095B)
[2026-04-01T21:13:32.199Z] GET http://localhost:4322/src/components/common/StarField.tsx → 200 (120ms, 20412B)
[2026-04-01T21:13:32.200Z] GET http://localhost:4322/src/components/common/PlusSymbol.tsx → 200 (133ms, 6730B)
[2026-04-01T21:13:32.235Z] GET http://localhost:4322/src/assets/images/stacks-logo.png?import → 200 (84ms, 1083B)
[2026-04-01T21:13:32.235Z] GET http://localhost:4322/src/assets/images/mobile-logo-pink.svg?import → 200 (99ms, 1104B)
[2026-04-01T21:13:32.334Z] GET http://localhost:4322/@fs/Users/jonathanspooner/Projects/website/src/assets/images/background-pink.png?origWidth=1684&origHeight=460&origFormat=png → 304 (2ms, ?B)
[2026-04-01T21:13:32.857Z] GET http://localhost:4322/@fs/Users/jonathanspooner/Projects/website/src/assets/images/curriculum-page-1.png?origWidth=570&origHeight=427&origFormat=png → 200 (1ms, 460607B)
[2026-04-01T21:13:32.858Z] GET http://localhost:4322/@fs/Users/jonathanspooner/Projects/website/src/assets/images/wiring-curriculum.png?origWidth=920&origHeight=920&origFormat=png → 200 (?ms, 1253307B)
[2026-04-01T21:13:35.311Z] GET http://localhost:4322/curriculum/ → 200 (25ms, 62751B)
[2026-04-01T21:13:35.342Z] GET http://localhost:4322/fonts/inter-latin-100-normal.woff2 → 304 (7ms, ?B)
[2026-04-01T21:13:35.342Z] GET http://localhost:4322/@vite/client → 304 (10ms, ?B)
[2026-04-01T21:13:35.342Z] GET http://localhost:4322/@fs/Users/jonathanspooner/Projects/website/node_modules/astro/dist/runtime/client/dev-toolbar/entrypoint.js?v=3afa04c6 → 200 (?ms, 52465B)
[2026-04-01T21:13:35.342Z] GET http://localhost:4322/src/styles/fonts.css → 304 (10ms, ?B)
[2026-04-01T21:13:35.343Z] GET http://localhost:4322/src/styles/global.css → 304 (10ms, ?B)
[2026-04-01T21:13:35.343Z] GET http://localhost:4322/src/components/layout/Header.module.css → 304 (10ms, ?B)
[2026-04-01T21:13:35.343Z] GET http://localhost:4322/src/components/common/Logo.module.css → 304 (10ms, ?B)
[2026-04-01T21:13:35.343Z] GET http://localhost:4322/src/components/common/StarField.module.css → 304 (10ms, ?B)
[2026-04-01T21:13:35.343Z] GET http://localhost:4322/src/components/layout/Navigation.module.css → 304 (11ms, ?B)
[2026-04-01T21:13:35.343Z] GET http://localhost:4322/src/components/common/NavLink.module.css → 304 (11ms, ?B)
[2026-04-01T21:13:35.343Z] GET http://localhost:4322/src/components/layout/Container.module.css → 304 (11ms, ?B)
[2026-04-01T21:13:35.343Z] GET http://localhost:4322/src/components/common/Button.module.css → 304 (17ms, ?B)
[2026-04-01T21:13:35.343Z] GET http://localhost:4322/src/components/sections/ContactSection.module.css → 304 (19ms, ?B)
[2026-04-01T21:13:35.343Z] GET http://localhost:4322/src/components/common/Modal.module.css → 304 (18ms, ?B)
[2026-04-01T21:13:35.343Z] GET http://localhost:4322/src/components/common/SelectInput.module.css → 304 (18ms, ?B)
[2026-04-01T21:13:35.343Z] GET http://localhost:4322/src/components/layout/Footer.module.css → 304 (18ms, ?B)
[2026-04-01T21:13:35.343Z] GET http://localhost:4322/src/components/layout/SectionHeader.module.css → 304 (18ms, ?B)
[2026-04-01T21:13:35.344Z] GET http://localhost:4322/src/components/blocks/panels/ImagePanel.module.css → 304 (25ms, ?B)
[2026-04-01T21:13:35.344Z] GET http://localhost:4322/src/components/blocks/panels/AccordionPanel.module.css → 304 (25ms, ?B)
[2026-04-01T21:13:35.344Z] GET http://localhost:4322/src/components/common/PlusSymbol.module.css → 304 (25ms, ?B)
[2026-04-01T21:13:35.344Z] GET http://localhost:4322/src/components/blocks/block/Block.module.css → 304 (25ms, ?B)
[2026-04-01T21:13:35.344Z] GET http://localhost:4322/src/components/common/Buffer.module.css → 304 (32ms, ?B)
[2026-04-01T21:13:35.344Z] GET http://localhost:4322/@id/__x00__astro:toolbar:internal → 304 (32ms, ?B)
[2026-04-01T21:13:35.344Z] GET http://localhost:4322/node_modules/astro/dist/runtime/client/dev-toolbar/helpers.js?v=3afa04c6 → 200 (?ms, 14267B)
[2026-04-01T21:13:35.344Z] GET http://localhost:4322/node_modules/astro/dist/runtime/client/dev-toolbar/settings.js?v=3afa04c6 → 200 (3ms, 7936B)
[2026-04-01T21:13:35.347Z] GET http://localhost:4322/node_modules/astro/dist/runtime/client/dev-toolbar/ui-library/window.js?v=3afa04c6 → 200 (?ms, 19284B)
[2026-04-01T21:13:35.348Z] GET http://localhost:4322/@fs/Users/jonathanspooner/Projects/website/src/assets/images/stacks-logo.png?origWidth=3864&origHeight=337&origFormat=png → 304 (26ms, ?B)
[2026-04-01T21:13:35.348Z] GET http://localhost:4322/@id/astro:scripts/before-hydration.js → 304 (29ms, ?B)
[2026-04-01T21:13:35.349Z] GET http://localhost:4322/@fs/Users/jonathanspooner/Projects/website/src/assets/images/back-arrow.svg?origWidth=20&origHeight=18&origFormat=svg → 304 (25ms, ?B)
[2026-04-01T21:13:35.351Z] GET http://localhost:4322/fonts/inter-latin-700-normal.woff2 → 304 (6ms, ?B)
[2026-04-01T21:13:35.351Z] GET http://localhost:4322/fonts/inter-latin-600-normal.woff2 → 304 (6ms, ?B)
[2026-04-01T21:13:35.351Z] GET http://localhost:4322/fonts/MontaguSlab_120pt-Bold.ttf → 304 (6ms, ?B)
[2026-04-01T21:13:35.351Z] GET http://localhost:4322/fonts/inter-latin-400-normal.woff2 → 304 (7ms, ?B)
[2026-04-01T21:13:35.352Z] GET http://localhost:4322/@fs/Users/jonathanspooner/Projects/website/src/assets/images/wrenchbolt.svg?origWidth=41&origHeight=40&origFormat=svg → 304 (22ms, ?B)
[2026-04-01T21:13:35.353Z] GET http://localhost:4322/node_modules/vite/dist/client/env.mjs → 304 (24ms, ?B)
[2026-04-01T21:13:35.355Z] GET http://localhost:4322/@fs/Users/jonathanspooner/Projects/website/src/assets/images/light-curriculum.png?origWidth=3407&origHeight=3407&origFormat=png → 200 (25ms, ?B)
[2026-04-01T21:13:35.356Z] GET http://localhost:4322/@fs/Users/jonathanspooner/Projects/website/src/assets/images/curriculum-page-1.png?origWidth=570&origHeight=427&origFormat=png → 200 (22ms, ?B)
[2026-04-01T21:13:35.356Z] GET http://localhost:4322/@fs/Users/jonathanspooner/Projects/website/src/assets/images/wiring-curriculum.png?origWidth=920&origHeight=920&origFormat=png → 200 (23ms, ?B)
[2026-04-01T21:13:35.357Z] GET http://localhost:4322/@fs/Users/jonathanspooner/Projects/website/src/assets/images/contact-image.png?origWidth=620&origHeight=270&origFormat=png → 304 (20ms, ?B)
[2026-04-01T21:13:35.357Z] GET http://localhost:4322/@fs/Users/jonathanspooner/Projects/website/src/assets/images/location-icon.svg?origWidth=20&origHeight=21&origFormat=svg → 304 (21ms, ?B)
[2026-04-01T21:13:35.357Z] GET http://localhost:4322/@fs/Users/jonathanspooner/Projects/website/src/assets/images/phone-icon.svg?origWidth=20&origHeight=21&origFormat=svg → 304 (23ms, ?B)
[2026-04-01T21:13:35.379Z] GET http://localhost:4322/@react-refresh → 304 (9ms, ?B)
[2026-04-01T21:13:35.381Z] GET http://localhost:4322/node_modules/astro/dist/runtime/client/dev-toolbar/apps/astro.js?v=3afa04c6 → 200 (?ms, ?B)
[2026-04-01T21:13:35.381Z] GET http://localhost:4322/node_modules/astro/dist/runtime/client/dev-toolbar/apps/audit/index.js?v=3afa04c6 → 200 (1ms, ?B)
[2026-04-01T21:13:35.382Z] GET http://localhost:4322/node_modules/astro/dist/runtime/client/dev-toolbar/apps/xray.js?v=3afa04c6 → 200 (?ms, ?B)
[2026-04-01T21:13:35.382Z] GET http://localhost:4322/node_modules/astro/dist/runtime/client/dev-toolbar/apps/settings.js?v=3afa04c6 → 200 (5ms, ?B)
[2026-04-01T21:13:35.387Z] GET http://localhost:4322/node_modules/astro/dist/runtime/client/dev-toolbar/toolbar.js?v=3afa04c6 → 200 (?ms, ?B)
[2026-04-01T21:13:35.387Z] GET http://localhost:4322/node_modules/astro/dist/runtime/client/dev-toolbar/ui-library/index.js?v=3afa04c6 → 200 (1ms, ?B)
[2026-04-01T21:13:35.388Z] GET http://localhost:4322/node_modules/astro/dist/runtime/client/dev-toolbar/ui-library/icons.js?v=3afa04c6 → 200 (?ms, ?B)
[2026-04-01T21:13:35.391Z] GET http://localhost:4322/node_modules/astro/dist/runtime/client/dev-toolbar/apps/utils/icons.js?v=3afa04c6 → 200 (?ms, 5650B)
[2026-04-01T21:13:35.392Z] GET http://localhost:4322/node_modules/astro/dist/runtime/client/dev-toolbar/apps/utils/window.js?v=3afa04c6 → 200 (?ms, 7595B)
[2026-04-01T21:13:35.395Z] GET http://localhost:4322/node_modules/astro/dist/runtime/client/dev-toolbar/apps/utils/highlight.js?v=3afa04c6 → 200 (?ms, 11750B)
[2026-04-01T21:13:35.395Z] GET http://localhost:4322/node_modules/astro/dist/runtime/client/dev-toolbar/apps/audit/annotations.js?v=3afa04c6 → 200 (?ms, 3862B)
[2026-04-01T21:13:35.395Z] GET http://localhost:4322/node_modules/astro/dist/runtime/client/dev-toolbar/apps/audit/rules/index.js?v=3afa04c6 → 200 (4ms, 7035B)
[2026-04-01T21:13:35.399Z] GET http://localhost:4322/node_modules/astro/dist/runtime/client/dev-toolbar/apps/audit/ui/audit-list-item.js?v=3afa04c6 → 200 (?ms, 16740B)
[2026-04-01T21:13:35.399Z] GET http://localhost:4322/node_modules/astro/dist/runtime/client/dev-toolbar/apps/audit/ui/audit-list-window.js?v=3afa04c6 → 200 (?ms, 52021B)
[2026-04-01T21:13:35.400Z] GET http://localhost:4322/node_modules/astro/dist/runtime/client/dev-toolbar/apps/audit/ui/audit-ui.js?v=3afa04c6 → 200 (?ms, 28018B)
[2026-04-01T21:13:35.400Z] GET http://localhost:4322/node_modules/html-escaper/esm/index.js?v=3afa04c6 → 200 (?ms, 12896B)
[2026-04-01T21:13:35.401Z] GET http://localhost:4322/node_modules/astro/dist/runtime/client/dev-toolbar/ui-library/badge.js?v=3afa04c6 → 200 (?ms, 16480B)
[2026-04-01T21:13:35.401Z] GET http://localhost:4322/node_modules/astro/dist/runtime/client/dev-toolbar/ui-library/button.js?v=3afa04c6 → 200 (?ms, 25195B)
[2026-04-01T21:13:35.401Z] GET http://localhost:4322/node_modules/astro/dist/runtime/client/dev-toolbar/ui-library/card.js?v=3afa04c6 → 200 (1ms, 19839B)
[2026-04-01T21:13:35.402Z] GET http://localhost:4322/node_modules/astro/dist/runtime/client/dev-toolbar/ui-library/highlight.js?v=3afa04c6 → 200 (?ms, 21660B)
[2026-04-01T21:13:35.403Z] GET http://localhost:4322/node_modules/astro/dist/runtime/client/dev-toolbar/ui-library/icon.js?v=3afa04c6 → 200 (?ms, 5667B)
[2026-04-01T21:13:35.406Z] GET http://localhost:4322/node_modules/astro/dist/runtime/client/dev-toolbar/ui-library/radio-checkbox.js?v=3afa04c6 → 200 (?ms, 16332B)
[2026-04-01T21:13:35.406Z] GET http://localhost:4322/node_modules/astro/dist/runtime/client/dev-toolbar/ui-library/select.js?v=3afa04c6 → 200 (?ms, 18147B)
[2026-04-01T21:13:35.406Z] GET http://localhost:4322/node_modules/astro/dist/runtime/client/dev-toolbar/ui-library/toggle.js?v=3afa04c6 → 200 (1ms, 19016B)
[2026-04-01T21:13:35.407Z] GET http://localhost:4322/node_modules/astro/dist/runtime/client/dev-toolbar/ui-library/tooltip.js?v=3afa04c6 → 200 (?ms, 23080B)
[2026-04-01T21:13:35.413Z] GET http://localhost:4322/node_modules/astro/dist/runtime/client/dev-toolbar/apps/audit/rules/a11y.js?v=3afa04c6 → 200 (?ms, 122184B)
[2026-04-01T21:13:35.414Z] GET http://localhost:4322/node_modules/astro/dist/runtime/client/dev-toolbar/apps/audit/rules/perf.js?v=3afa04c6 → 200 (?ms, 23587B)
[2026-04-01T21:13:35.415Z] GET http://localhost:4322/node_modules/.vite/deps/astro___aria-query.js?v=04de21c0 → 200 (?ms, 205280B)
[2026-04-01T21:13:35.415Z] GET http://localhost:4322/node_modules/.vite/deps/astro___axobject-query.js?v=04de21c0 → 200 (?ms, 112534B)
[2026-04-01T21:13:35.415Z] GET http://localhost:4322/src/components/layout/Navigation.tsx → 304 (3ms, ?B)
[2026-04-01T21:13:35.415Z] GET http://localhost:4322/node_modules/.vite/deps/@astrojs_react_client__js.js?v=04de21c0 → 200 (?ms, 5073B)
[2026-04-01T21:13:35.415Z] GET http://localhost:4322/src/components/layout/HeaderIsland.tsx → 304 (3ms, ?B)
[2026-04-01T21:13:35.415Z] GET http://localhost:4322/src/components/blocks/panels/AccordionPanel.tsx → 304 (4ms, ?B)
[2026-04-01T21:13:35.416Z] GET http://localhost:4322/node_modules/.vite/deps/chunk-5WRI5ZAA.js?v=3afa04c6 → 200 (?ms, 7184B)
[2026-04-01T21:13:35.416Z] GET http://localhost:4322/node_modules/.vite/deps/chunk-UOL6SM4K.js?v=3afa04c6 → 200 (?ms, 928328B)
[2026-04-01T21:13:35.416Z] GET http://localhost:4322/node_modules/.vite/deps/chunk-5ULDFCBR.js?v=3afa04c6 → 200 (1ms, 77791B)
[2026-04-01T21:13:35.421Z] GET http://localhost:4322/node_modules/.vite/deps/react_jsx-dev-runtime.js?v=04de21c0 → 200 (?ms, 35991B)
[2026-04-01T21:13:35.421Z] GET http://localhost:4322/node_modules/.vite/deps/react.js?v=04de21c0 → 200 (?ms, 1024B)
[2026-04-01T21:13:35.421Z] GET http://localhost:4322/src/components/common/NavLink.tsx → 304 (12ms, ?B)
[2026-04-01T21:13:35.422Z] GET http://localhost:4322/src/assets/images/wrenchbolt.svg?import → 304 (12ms, ?B)
[2026-04-01T21:13:35.422Z] GET http://localhost:4322/src/assets/images/back-arrow.svg?import → 304 (13ms, ?B)
[2026-04-01T21:13:35.422Z] GET http://localhost:4322/src/components/layout/Container.tsx → 304 (13ms, ?B)
[2026-04-01T21:13:35.422Z] GET http://localhost:4322/src/components/common/Button.tsx → 304 (13ms, ?B)
[2026-04-01T21:13:35.422Z] GET http://localhost:4322/src/components/common/ThemeProvider.tsx → 304 (13ms, ?B)
[2026-04-01T21:13:35.422Z] GET http://localhost:4322/src/components/layout/Header.tsx → 304 (14ms, ?B)
[2026-04-01T21:13:35.426Z] GET http://localhost:4322/src/components/common/PlusSymbol.tsx → 304 (10ms, ?B)
[2026-04-01T21:13:35.437Z] GET http://localhost:4322/src/components/common/NeuroNoiseBackground.tsx → 304 (1ms, ?B)
[2026-04-01T21:13:35.437Z] GET http://localhost:4322/src/components/common/Logo.tsx → 304 (1ms, ?B)
[2026-04-01T21:13:35.438Z] GET http://localhost:4322/src/assets/images/background-pink.png?import → 304 (?ms, ?B)
[2026-04-01T21:13:35.438Z] GET http://localhost:4322/src/components/common/StarField.tsx → 304 (1ms, ?B)
[2026-04-01T21:13:35.441Z] GET http://localhost:4322/src/assets/images/stacks-logo.png?import → 304 (21ms, ?B)
[2026-04-01T21:13:35.441Z] GET http://localhost:4322/src/assets/images/mobile-logo-pink.svg?import → 304 (21ms, ?B)
[2026-04-01T21:13:35.464Z] GET http://localhost:4322/@fs/Users/jonathanspooner/Projects/website/src/assets/images/background-pink.png?origWidth=1684&origHeight=460&origFormat=png → 304 (9ms, ?B)
[2026-04-01T21:13:35.472Z] GET http://localhost:4322/@fs/Users/jonathanspooner/Projects/website/src/assets/images/light-curriculum.png?origWidth=3407&origHeight=3407&origFormat=png → 200 (3ms, 24104793B)
[2026-04-01T21:13:35.706Z] GET http://localhost:4322/@fs/Users/jonathanspooner/Projects/website/src/assets/images/curriculum-page-1.png?origWidth=570&origHeight=427&origFormat=png → 200 (?ms, 460607B)
[2026-04-01T21:13:35.706Z] GET http://localhost:4322/@fs/Users/jonathanspooner/Projects/website/src/assets/images/wiring-curriculum.png?origWidth=920&origHeight=920&origFormat=png → 200 (1ms, 1253307B)
[2026-04-01T21:13:39.246Z] GET http://localhost:4322/curriculum/ → 200 (22ms, 65746B)
[2026-04-01T21:13:39.273Z] GET http://localhost:4322/fonts/inter-latin-100-normal.woff2 → 304 (10ms, ?B)
[2026-04-01T21:13:39.273Z] GET http://localhost:4322/@vite/client → 304 (17ms, ?B)
[2026-04-01T21:13:39.273Z] GET http://localhost:4322/@fs/Users/jonathanspooner/Projects/website/node_modules/astro/dist/runtime/client/dev-toolbar/entrypoint.js?v=3afa04c6 → 200 (?ms, 52465B)
[2026-04-01T21:13:39.273Z] GET http://localhost:4322/src/styles/fonts.css → 304 (18ms, ?B)
[2026-04-01T21:13:39.273Z] GET http://localhost:4322/src/styles/global.css → 304 (18ms, ?B)
[2026-04-01T21:13:39.274Z] GET http://localhost:4322/src/components/layout/Header.module.css → 304 (17ms, ?B)
[2026-04-01T21:13:39.274Z] GET http://localhost:4322/src/components/common/Logo.module.css → 304 (18ms, ?B)
[2026-04-01T21:13:39.274Z] GET http://localhost:4322/src/components/common/StarField.module.css → 304 (18ms, ?B)
[2026-04-01T21:13:39.274Z] GET http://localhost:4322/src/components/layout/Navigation.module.css → 304 (18ms, ?B)
[2026-04-01T21:13:39.274Z] GET http://localhost:4322/src/components/common/NavLink.module.css → 304 (19ms, ?B)
[2026-04-01T21:13:39.274Z] GET http://localhost:4322/src/components/layout/Container.module.css → 304 (19ms, ?B)
[2026-04-01T21:13:39.274Z] GET http://localhost:4322/src/components/common/Button.module.css → 304 (29ms, ?B)
[2026-04-01T21:13:39.274Z] GET http://localhost:4322/src/components/sections/ContactSection.module.css → 304 (33ms, ?B)
[2026-04-01T21:13:39.274Z] GET http://localhost:4322/src/components/common/Modal.module.css → 304 (29ms, ?B)
[2026-04-01T21:13:39.274Z] GET http://localhost:4322/src/components/common/SelectInput.module.css → 304 (29ms, ?B)
[2026-04-01T21:13:39.274Z] GET http://localhost:4322/src/components/layout/Footer.module.css → 304 (29ms, ?B)
[2026-04-01T21:13:39.274Z] GET http://localhost:4322/src/components/layout/SectionHeader.module.css → 304 (33ms, ?B)
[2026-04-01T21:13:39.274Z] GET http://localhost:4322/src/components/blocks/panels/ImagePanel.module.css → 304 (33ms, ?B)
[2026-04-01T21:13:39.275Z] GET http://localhost:4322/src/components/blocks/panels/AccordionPanel.module.css → 304 (32ms, ?B)
[2026-04-01T21:13:39.275Z] GET http://localhost:4322/src/components/common/PlusSymbol.module.css → 304 (34ms, ?B)
[2026-04-01T21:13:39.275Z] GET http://localhost:4322/src/components/blocks/block/Block.module.css → 304 (34ms, ?B)
[2026-04-01T21:13:39.275Z] GET http://localhost:4322/src/components/common/Buffer.module.css → 304 (34ms, ?B)
[2026-04-01T21:13:39.275Z] GET http://localhost:4322/@id/__x00__astro:toolbar:internal → 304 (35ms, ?B)
[2026-04-01T21:13:39.275Z] GET http://localhost:4322/node_modules/astro/dist/runtime/client/dev-toolbar/helpers.js?v=3afa04c6 → 200 (?ms, 14267B)
[2026-04-01T21:13:39.275Z] GET http://localhost:4322/node_modules/astro/dist/runtime/client/dev-toolbar/settings.js?v=3afa04c6 → 200 (1ms, 7936B)
[2026-04-01T21:13:39.276Z] GET http://localhost:4322/node_modules/astro/dist/runtime/client/dev-toolbar/ui-library/window.js?v=3afa04c6 → 200 (?ms, 19284B)
[2026-04-01T21:13:39.279Z] GET http://localhost:4322/@fs/Users/jonathanspooner/Projects/website/src/assets/images/stacks-logo.png?origWidth=3864&origHeight=337&origFormat=png → 304 (33ms, ?B)
[2026-04-01T21:13:39.279Z] GET http://localhost:4322/@id/astro:scripts/before-hydration.js → 304 (32ms, ?B)
[2026-04-01T21:13:39.280Z] GET http://localhost:4322/@fs/Users/jonathanspooner/Projects/website/src/assets/images/back-arrow.svg?origWidth=20&origHeight=18&origFormat=svg → 304 (32ms, ?B)
[2026-04-01T21:13:39.289Z] GET http://localhost:4322/fonts/inter-latin-700-normal.woff2 → 304 (8ms, ?B)
[2026-04-01T21:13:39.289Z] GET http://localhost:4322/fonts/inter-latin-600-normal.woff2 → 304 (9ms, ?B)
[2026-04-01T21:13:39.290Z] GET http://localhost:4322/fonts/MontaguSlab_120pt-Bold.ttf → 304 (10ms, ?B)
[2026-04-01T21:13:39.290Z] GET http://localhost:4322/fonts/inter-latin-400-normal.woff2 → 304 (10ms, ?B)
[2026-04-01T21:13:39.290Z] GET http://localhost:4322/@fs/Users/jonathanspooner/Projects/website/src/assets/images/wrenchbolt.svg?origWidth=41&origHeight=40&origFormat=svg → 304 (26ms, ?B)
[2026-04-01T21:13:39.291Z] GET http://localhost:4322/node_modules/vite/dist/client/env.mjs → 304 (21ms, ?B)
[2026-04-01T21:13:39.295Z] GET http://localhost:4322/@fs/Users/jonathanspooner/Projects/website/src/assets/images/light-curriculum.png?origWidth=3407&origHeight=3407&origFormat=png → 200 (42ms, ?B)
[2026-04-01T21:13:39.295Z] GET http://localhost:4322/@fs/Users/jonathanspooner/Projects/website/src/assets/images/curriculum-page-1.png?origWidth=570&origHeight=427&origFormat=png → 200 (25ms, 460607B)
[2026-04-01T21:13:39.295Z] GET http://localhost:4322/@fs/Users/jonathanspooner/Projects/website/src/assets/images/wiring-curriculum.png?origWidth=920&origHeight=920&origFormat=png → 200 (23ms, 1253307B)
[2026-04-01T21:13:39.295Z] GET http://localhost:4322/@fs/Users/jonathanspooner/Projects/website/src/assets/images/contact-image.png?origWidth=620&origHeight=270&origFormat=png → 304 (25ms, ?B)
[2026-04-01T21:13:39.297Z] GET http://localhost:4322/@fs/Users/jonathanspooner/Projects/website/src/assets/images/location-icon.svg?origWidth=20&origHeight=21&origFormat=svg → 304 (38ms, ?B)
[2026-04-01T21:13:39.297Z] GET http://localhost:4322/@fs/Users/jonathanspooner/Projects/website/src/assets/images/phone-icon.svg?origWidth=20&origHeight=21&origFormat=svg → 304 (39ms, ?B)
[2026-04-01T21:13:39.311Z] GET http://localhost:4322/@react-refresh → 304 (25ms, ?B)
[2026-04-01T21:13:39.313Z] GET http://localhost:4322/node_modules/astro/dist/runtime/client/dev-toolbar/apps/astro.js?v=3afa04c6 → 200 (?ms, 109029B)
[2026-04-01T21:13:39.313Z] GET http://localhost:4322/node_modules/astro/dist/runtime/client/dev-toolbar/apps/audit/index.js?v=3afa04c6 → 200 (?ms, 37694B)
[2026-04-01T21:13:39.314Z] GET http://localhost:4322/node_modules/astro/dist/runtime/client/dev-toolbar/apps/xray.js?v=3afa04c6 → 200 (?ms, 30990B)
[2026-04-01T21:13:39.314Z] GET http://localhost:4322/node_modules/astro/dist/runtime/client/dev-toolbar/apps/settings.js?v=3afa04c6 → 200 (?ms, 35003B)
[2026-04-01T21:13:39.314Z] GET http://localhost:4322/node_modules/astro/dist/runtime/client/dev-toolbar/toolbar.js?v=3afa04c6 → 200 (?ms, 86326B)
[2026-04-01T21:13:39.315Z] GET http://localhost:4322/node_modules/astro/dist/runtime/client/dev-toolbar/ui-library/index.js?v=3afa04c6 → 200 (1ms, 6537B)
[2026-04-01T21:13:39.317Z] GET http://localhost:4322/node_modules/astro/dist/runtime/client/dev-toolbar/ui-library/icons.js?v=3afa04c6 → 200 (1ms, 277585B)
[2026-04-01T21:13:39.318Z] GET http://localhost:4322/node_modules/astro/dist/runtime/client/dev-toolbar/apps/utils/icons.js?v=3afa04c6 → 200 (?ms, 5650B)
[2026-04-01T21:13:39.318Z] GET http://localhost:4322/node_modules/astro/dist/runtime/client/dev-toolbar/apps/utils/window.js?v=3afa04c6 → 200 (?ms, 7595B)
[2026-04-01T21:13:39.318Z] GET http://localhost:4322/node_modules/astro/dist/runtime/client/dev-toolbar/apps/utils/highlight.js?v=3afa04c6 → 200 (1ms, 11750B)
[2026-04-01T21:13:39.319Z] GET http://localhost:4322/node_modules/astro/dist/runtime/client/dev-toolbar/apps/audit/annotations.js?v=3afa04c6 → 200 (?ms, 3862B)
[2026-04-01T21:13:39.319Z] GET http://localhost:4322/node_modules/astro/dist/runtime/client/dev-toolbar/apps/audit/rules/index.js?v=3afa04c6 → 200 (?ms, 7035B)
[2026-04-01T21:13:39.319Z] GET http://localhost:4322/node_modules/astro/dist/runtime/client/dev-toolbar/apps/audit/ui/audit-list-item.js?v=3afa04c6 → 200 (?ms, 16740B)
[2026-04-01T21:13:39.319Z] GET http://localhost:4322/node_modules/astro/dist/runtime/client/dev-toolbar/apps/audit/ui/audit-list-window.js?v=3afa04c6 → 200 (?ms, 52021B)
[2026-04-01T21:13:39.319Z] GET http://localhost:4322/node_modules/astro/dist/runtime/client/dev-toolbar/apps/audit/ui/audit-ui.js?v=3afa04c6 → 200 (1ms, 28018B)
[2026-04-01T21:13:39.320Z] GET http://localhost:4322/node_modules/html-escaper/esm/index.js?v=3afa04c6 → 200 (?ms, 12896B)
[2026-04-01T21:13:39.320Z] GET http://localhost:4322/node_modules/astro/dist/runtime/client/dev-toolbar/ui-library/badge.js?v=3afa04c6 → 200 (?ms, 16480B)
[2026-04-01T21:13:39.320Z] GET http://localhost:4322/node_modules/astro/dist/runtime/client/dev-toolbar/ui-library/button.js?v=3afa04c6 → 200 (1ms, 25195B)
[2026-04-01T21:13:39.321Z] GET http://localhost:4322/node_modules/astro/dist/runtime/client/dev-toolbar/ui-library/card.js?v=3afa04c6 → 200 (?ms, 19839B)
[2026-04-01T21:13:39.322Z] GET http://localhost:4322/node_modules/astro/dist/runtime/client/dev-toolbar/ui-library/highlight.js?v=3afa04c6 → 200 (1ms, 21660B)
[2026-04-01T21:13:39.324Z] GET http://localhost:4322/node_modules/astro/dist/runtime/client/dev-toolbar/ui-library/icon.js?v=3afa04c6 → 200 (?ms, 5667B)
[2026-04-01T21:13:39.324Z] GET http://localhost:4322/node_modules/astro/dist/runtime/client/dev-toolbar/ui-library/radio-checkbox.js?v=3afa04c6 → 200 (1ms, 16332B)
[2026-04-01T21:13:39.328Z] GET http://localhost:4322/node_modules/astro/dist/runtime/client/dev-toolbar/ui-library/select.js?v=3afa04c6 → 200 (5ms, 18147B)
[2026-04-01T21:13:39.334Z] GET http://localhost:4322/node_modules/astro/dist/runtime/client/dev-toolbar/ui-library/toggle.js?v=3afa04c6 → 200 (?ms, 19016B)
[2026-04-01T21:13:39.334Z] GET http://localhost:4322/node_modules/astro/dist/runtime/client/dev-toolbar/ui-library/tooltip.js?v=3afa04c6 → 200 (1ms, 23080B)
[2026-04-01T21:13:39.336Z] GET http://localhost:4322/node_modules/astro/dist/runtime/client/dev-toolbar/apps/audit/rules/a11y.js?v=3afa04c6 → 200 (?ms, 122184B)
[2026-04-01T21:13:39.337Z] GET http://localhost:4322/node_modules/astro/dist/runtime/client/dev-toolbar/apps/audit/rules/perf.js?v=3afa04c6 → 200 (?ms, 23587B)
[2026-04-01T21:13:39.341Z] GET http://localhost:4322/node_modules/.vite/deps/astro___aria-query.js?v=04de21c0 → 200 (?ms, ?B)
[2026-04-01T21:13:39.343Z] GET http://localhost:4322/node_modules/.vite/deps/astro___axobject-query.js?v=04de21c0 → 200 (?ms, ?B)
[2026-04-01T21:13:39.346Z] GET http://localhost:4322/node_modules/.vite/deps/chunk-5WRI5ZAA.js?v=3afa04c6 → 200 (?ms, ?B)
[2026-04-01T21:13:39.351Z] GET http://localhost:4322/src/components/blocks/panels/AccordionPanel.tsx → 304 (4ms, ?B)
[2026-04-01T21:13:39.352Z] GET http://localhost:4322/node_modules/.vite/deps/@astrojs_react_client__js.js?v=04de21c0 → 200 (?ms, ?B)
[2026-04-01T21:13:39.352Z] GET http://localhost:4322/src/components/layout/HeaderIsland.tsx → 304 (3ms, ?B)
[2026-04-01T21:13:39.353Z] GET http://localhost:4322/src/components/layout/Navigation.tsx → 304 (2ms, ?B)
[2026-04-01T21:13:39.354Z] GET http://localhost:4322/node_modules/.vite/deps/chunk-UOL6SM4K.js?v=3afa04c6 → 200 (?ms, ?B)
[2026-04-01T21:13:39.354Z] GET http://localhost:4322/node_modules/.vite/deps/chunk-5ULDFCBR.js?v=3afa04c6 → 200 (?ms, ?B)
[2026-04-01T21:13:39.356Z] GET http://localhost:4322/node_modules/.vite/deps/react_jsx-dev-runtime.js?v=04de21c0 → 200 (?ms, ?B)
[2026-04-01T21:13:39.356Z] GET http://localhost:4322/node_modules/.vite/deps/react.js?v=04de21c0 → 200 (?ms, ?B)
[2026-04-01T21:13:39.356Z] GET http://localhost:4322/src/components/common/PlusSymbol.tsx → 304 (17ms, ?B)
[2026-04-01T21:13:39.357Z] GET http://localhost:4322/src/components/common/ThemeProvider.tsx → 304 (17ms, ?B)
[2026-04-01T21:13:39.357Z] GET http://localhost:4322/src/components/layout/Header.tsx → 304 (30ms, ?B)
[2026-04-01T21:13:39.357Z] GET http://localhost:4322/src/components/common/NavLink.tsx → 304 (30ms, ?B)
[2026-04-01T21:13:39.357Z] GET http://localhost:4322/src/assets/images/wrenchbolt.svg?import → 304 (30ms, ?B)
[2026-04-01T21:13:39.357Z] GET http://localhost:4322/src/assets/images/back-arrow.svg?import → 304 (30ms, ?B)
[2026-04-01T21:13:39.357Z] GET http://localhost:4322/src/components/layout/Container.tsx → 304 (30ms, ?B)
[2026-04-01T21:13:39.357Z] GET http://localhost:4322/src/components/common/Button.tsx → 304 (30ms, ?B)
[2026-04-01T21:13:39.389Z] GET http://localhost:4322/src/components/common/NeuroNoiseBackground.tsx → 304 (?ms, ?B)
[2026-04-01T21:13:39.389Z] GET http://localhost:4322/src/components/common/Logo.tsx → 304 (?ms, ?B)
[2026-04-01T21:13:39.389Z] GET http://localhost:4322/src/assets/images/background-pink.png?import → 304 (1ms, ?B)
[2026-04-01T21:13:39.389Z] GET http://localhost:4322/src/components/common/StarField.tsx → 304 (1ms, ?B)
[2026-04-01T21:13:39.393Z] GET http://localhost:4322/src/assets/images/stacks-logo.png?import → 304 (10ms, ?B)
[2026-04-01T21:13:39.393Z] GET http://localhost:4322/src/assets/images/mobile-logo-pink.svg?import → 304 (12ms, ?B)
[2026-04-01T21:13:39.647Z] GET http://localhost:4322/@fs/Users/jonathanspooner/Projects/website/src/assets/images/background-pink.png?origWidth=1684&origHeight=460&origFormat=png → 304 (?ms, ?B)
[2026-04-01T21:13:39.647Z] GET http://localhost:4322/@fs/Users/jonathanspooner/Projects/website/src/assets/images/light-curriculum.png?origWidth=3407&origHeight=3407&origFormat=png → 200 (1ms, 24104793B)
[2026-04-01T21:13:39.648Z] GET http://localhost:4322/@fs/Users/jonathanspooner/Projects/website/src/assets/images/curriculum-page-1.png?origWidth=570&origHeight=427&origFormat=png → 200 (?ms, 460607B)
[2026-04-01T21:13:39.648Z] GET http://localhost:4322/@fs/Users/jonathanspooner/Projects/website/src/assets/images/wiring-curriculum.png?origWidth=920&origHeight=920&origFormat=png → 200 (?ms, 1253307B)
[2026-04-01T21:13:44.518Z] GET http://localhost:4322/curriculum/ → 200 (7ms, 65744B)
[2026-04-01T21:13:44.533Z] GET http://localhost:4322/fonts/inter-latin-100-normal.woff2 → 304 (6ms, ?B)
[2026-04-01T21:13:44.533Z] GET http://localhost:4322/@vite/client → 200 (15ms, 297591B)
[2026-04-01T21:13:44.533Z] GET http://localhost:4322/@fs/Users/jonathanspooner/Projects/website/node_modules/astro/dist/runtime/client/dev-toolbar/entrypoint.js?v=3afa04c6 → 200 (?ms, 52465B)
[2026-04-01T21:13:44.533Z] GET http://localhost:4322/src/styles/fonts.css → 200 (11ms, 2594B)
[2026-04-01T21:13:44.533Z] GET http://localhost:4322/src/styles/global.css → 200 (11ms, 9687B)
[2026-04-01T21:13:44.534Z] GET http://localhost:4322/src/components/layout/Header.module.css → 200 (11ms, 1203B)
[2026-04-01T21:13:44.534Z] GET http://localhost:4322/src/components/common/Logo.module.css → 200 (11ms, 1529B)
[2026-04-01T21:13:44.534Z] GET http://localhost:4322/src/components/common/StarField.module.css → 200 (11ms, 636B)
[2026-04-01T21:13:44.534Z] GET http://localhost:4322/src/components/layout/Navigation.module.css → 200 (13ms, 5743B)
[2026-04-01T21:13:44.534Z] GET http://localhost:4322/src/components/common/NavLink.module.css → 200 (27ms, 1895B)
[2026-04-01T21:13:44.534Z] GET http://localhost:4322/src/components/layout/Container.module.css → 200 (28ms, 788B)
[2026-04-01T21:13:44.534Z] GET http://localhost:4322/src/components/common/Button.module.css → 200 (26ms, 2147B)
[2026-04-01T21:13:44.534Z] GET http://localhost:4322/src/components/sections/ContactSection.module.css → 200 (31ms, 5708B)
[2026-04-01T21:13:44.534Z] GET http://localhost:4322/src/components/common/Modal.module.css → 200 (31ms, 2349B)
[2026-04-01T21:13:44.534Z] GET http://localhost:4322/src/components/common/SelectInput.module.css → 200 (31ms, 2178B)
[2026-04-01T21:13:44.534Z] GET http://localhost:4322/src/components/layout/Footer.module.css → 200 (33ms, 840B)
[2026-04-01T21:13:44.534Z] GET http://localhost:4322/src/components/layout/SectionHeader.module.css → 200 (32ms, 959B)
[2026-04-01T21:13:44.534Z] GET http://localhost:4322/src/components/blocks/panels/ImagePanel.module.css → 200 (32ms, 1604B)
[2026-04-01T21:13:44.534Z] GET http://localhost:4322/src/components/blocks/panels/AccordionPanel.module.css → 200 (33ms, 2646B)
[2026-04-01T21:13:44.534Z] GET http://localhost:4322/src/components/common/PlusSymbol.module.css → 200 (33ms, 1834B)
[2026-04-01T21:13:44.534Z] GET http://localhost:4322/src/components/blocks/block/Block.module.css → 200 (34ms, 1902B)
[2026-04-01T21:13:44.534Z] GET http://localhost:4322/src/components/common/Buffer.module.css → 200 (33ms, 711B)
[2026-04-01T21:13:44.535Z] GET http://localhost:4322/@id/__x00__astro:toolbar:internal → 200 (33ms, 8955B)
[2026-04-01T21:13:44.535Z] GET http://localhost:4322/node_modules/astro/dist/runtime/client/dev-toolbar/helpers.js?v=3afa04c6 → 200 (?ms, 14267B)
[2026-04-01T21:13:44.535Z] GET http://localhost:4322/node_modules/astro/dist/runtime/client/dev-toolbar/settings.js?v=3afa04c6 → 200 (?ms, 7936B)
[2026-04-01T21:13:44.535Z] GET http://localhost:4322/node_modules/astro/dist/runtime/client/dev-toolbar/ui-library/window.js?v=3afa04c6 → 200 (?ms, 19284B)
[2026-04-01T21:13:44.536Z] GET http://localhost:4322/@fs/Users/jonathanspooner/Projects/website/src/assets/images/stacks-logo.png?origWidth=3864&origHeight=337&origFormat=png → 304 (32ms, ?B)
[2026-04-01T21:13:44.536Z] GET http://localhost:4322/@id/astro:scripts/before-hydration.js → 200 (32ms, 988B)
[2026-04-01T21:13:44.537Z] GET http://localhost:4322/@fs/Users/jonathanspooner/Projects/website/src/assets/images/back-arrow.svg?origWidth=20&origHeight=18&origFormat=svg → 304 (46ms, ?B)
[2026-04-01T21:13:44.542Z] GET http://localhost:4322/fonts/inter-latin-700-normal.woff2 → 304 (16ms, ?B)
[2026-04-01T21:13:44.542Z] GET http://localhost:4322/fonts/inter-latin-600-normal.woff2 → 304 (17ms, ?B)
[2026-04-01T21:13:44.542Z] GET http://localhost:4322/fonts/MontaguSlab_120pt-Bold.ttf → 304 (18ms, ?B)
[2026-04-01T21:13:44.542Z] GET http://localhost:4322/fonts/inter-latin-400-normal.woff2 → 304 (18ms, ?B)
[2026-04-01T21:13:44.542Z] GET http://localhost:4322/@fs/Users/jonathanspooner/Projects/website/src/assets/images/wrenchbolt.svg?origWidth=41&origHeight=40&origFormat=svg → 304 (27ms, ?B)
[2026-04-01T21:13:44.548Z] GET http://localhost:4322/@fs/Users/jonathanspooner/Projects/website/src/assets/images/light-curriculum.png?origWidth=3407&origHeight=3407&origFormat=png → 200 (37ms, 24104793B)
[2026-04-01T21:13:44.548Z] GET http://localhost:4322/node_modules/vite/dist/client/env.mjs → 200 (35ms, 4586B)
[2026-04-01T21:13:44.548Z] GET http://localhost:4322/@fs/Users/jonathanspooner/Projects/website/src/assets/images/curriculum-page-1.png?origWidth=570&origHeight=427&origFormat=png → 200 (23ms, 460607B)
[2026-04-01T21:13:44.550Z] GET http://localhost:4322/@fs/Users/jonathanspooner/Projects/website/src/assets/images/wiring-curriculum.png?origWidth=920&origHeight=920&origFormat=png → 200 (32ms, 1253307B)
[2026-04-01T21:13:44.550Z] GET http://localhost:4322/@fs/Users/jonathanspooner/Projects/website/src/assets/images/contact-image.png?origWidth=620&origHeight=270&origFormat=png → 304 (33ms, ?B)
[2026-04-01T21:13:44.550Z] GET http://localhost:4322/@fs/Users/jonathanspooner/Projects/website/src/assets/images/location-icon.svg?origWidth=20&origHeight=21&origFormat=svg → 304 (34ms, ?B)
[2026-04-01T21:13:44.550Z] GET http://localhost:4322/@fs/Users/jonathanspooner/Projects/website/src/assets/images/phone-icon.svg?origWidth=20&origHeight=21&origFormat=svg → 304 (33ms, ?B)
[2026-04-01T21:13:44.568Z] GET http://localhost:4322/@react-refresh → 200 (16ms, 113132B)
[2026-04-01T21:13:44.585Z] GET http://localhost:4322/node_modules/astro/dist/runtime/client/dev-toolbar/apps/astro.js?v=3afa04c6 → 200 (?ms, 109029B)
[2026-04-01T21:13:44.585Z] GET http://localhost:4322/node_modules/astro/dist/runtime/client/dev-toolbar/apps/audit/index.js?v=3afa04c6 → 200 (?ms, 37694B)
[2026-04-01T21:13:44.587Z] GET http://localhost:4322/node_modules/astro/dist/runtime/client/dev-toolbar/apps/xray.js?v=3afa04c6 → 200 (?ms, 30990B)
[2026-04-01T21:13:44.587Z] GET http://localhost:4322/node_modules/astro/dist/runtime/client/dev-toolbar/apps/settings.js?v=3afa04c6 → 200 (?ms, 35003B)
[2026-04-01T21:13:44.588Z] GET http://localhost:4322/node_modules/astro/dist/runtime/client/dev-toolbar/toolbar.js?v=3afa04c6 → 200 (?ms, 86326B)
[2026-04-01T21:13:44.589Z] GET http://localhost:4322/node_modules/astro/dist/runtime/client/dev-toolbar/ui-library/index.js?v=3afa04c6 → 200 (?ms, 6537B)
[2026-04-01T21:13:44.591Z] GET http://localhost:4322/node_modules/astro/dist/runtime/client/dev-toolbar/ui-library/icons.js?v=3afa04c6 → 200 (?ms, 277585B)
[2026-04-01T21:13:44.592Z] GET http://localhost:4322/node_modules/astro/dist/runtime/client/dev-toolbar/apps/utils/icons.js?v=3afa04c6 → 200 (?ms, 5650B)
[2026-04-01T21:13:44.592Z] GET http://localhost:4322/node_modules/astro/dist/runtime/client/dev-toolbar/apps/utils/window.js?v=3afa04c6 → 200 (2ms, 7595B)
[2026-04-01T21:13:44.603Z] GET http://localhost:4322/node_modules/astro/dist/runtime/client/dev-toolbar/apps/utils/highlight.js?v=3afa04c6 → 200 (1ms, 11750B)
[2026-04-01T21:13:44.605Z] GET http://localhost:4322/node_modules/astro/dist/runtime/client/dev-toolbar/apps/audit/annotations.js?v=3afa04c6 → 200 (?ms, 3862B)
[2026-04-01T21:13:44.609Z] GET http://localhost:4322/node_modules/astro/dist/runtime/client/dev-toolbar/apps/audit/rules/index.js?v=3afa04c6 → 200 (?ms, 7035B)
[2026-04-01T21:13:44.609Z] GET http://localhost:4322/node_modules/astro/dist/runtime/client/dev-toolbar/apps/audit/ui/audit-list-item.js?v=3afa04c6 → 200 (?ms, 16740B)
[2026-04-01T21:13:44.610Z] GET http://localhost:4322/node_modules/astro/dist/runtime/client/dev-toolbar/apps/audit/ui/audit-list-window.js?v=3afa04c6 → 200 (?ms, 52021B)
[2026-04-01T21:13:44.611Z] GET http://localhost:4322/node_modules/astro/dist/runtime/client/dev-toolbar/apps/audit/ui/audit-ui.js?v=3afa04c6 → 200 (4ms, 28018B)
[2026-04-01T21:13:44.619Z] GET http://localhost:4322/node_modules/html-escaper/esm/index.js?v=3afa04c6 → 200 (?ms, 12896B)
[2026-04-01T21:13:44.619Z] GET http://localhost:4322/node_modules/astro/dist/runtime/client/dev-toolbar/ui-library/badge.js?v=3afa04c6 → 200 (?ms, 16480B)
[2026-04-01T21:13:44.620Z] GET http://localhost:4322/node_modules/astro/dist/runtime/client/dev-toolbar/ui-library/button.js?v=3afa04c6 → 200 (1ms, 25195B)
[2026-04-01T21:13:44.621Z] GET http://localhost:4322/node_modules/astro/dist/runtime/client/dev-toolbar/ui-library/card.js?v=3afa04c6 → 200 (?ms, 19839B)
[2026-04-01T21:13:44.621Z] GET http://localhost:4322/node_modules/astro/dist/runtime/client/dev-toolbar/ui-library/highlight.js?v=3afa04c6 → 200 (?ms, 21660B)
[2026-04-01T21:13:44.627Z] GET http://localhost:4322/node_modules/astro/dist/runtime/client/dev-toolbar/ui-library/icon.js?v=3afa04c6 → 200 (?ms, 5667B)
[2026-04-01T21:13:44.627Z] GET http://localhost:4322/node_modules/astro/dist/runtime/client/dev-toolbar/ui-library/radio-checkbox.js?v=3afa04c6 → 200 (?ms, 16332B)
[2026-04-01T21:13:44.627Z] GET http://localhost:4322/node_modules/astro/dist/runtime/client/dev-toolbar/ui-library/select.js?v=3afa04c6 → 200 (1ms, 18147B)
[2026-04-01T21:13:44.628Z] GET http://localhost:4322/node_modules/astro/dist/runtime/client/dev-toolbar/ui-library/toggle.js?v=3afa04c6 → 200 (?ms, 19016B)
[2026-04-01T21:13:44.628Z] GET http://localhost:4322/node_modules/astro/dist/runtime/client/dev-toolbar/ui-library/tooltip.js?v=3afa04c6 → 200 (?ms, 23080B)
[2026-04-01T21:13:44.629Z] GET http://localhost:4322/node_modules/astro/dist/runtime/client/dev-toolbar/apps/audit/rules/a11y.js?v=3afa04c6 → 200 (?ms, 122184B)
[2026-04-01T21:13:44.630Z] GET http://localhost:4322/node_modules/astro/dist/runtime/client/dev-toolbar/apps/audit/rules/perf.js?v=3afa04c6 → 200 (4ms, 23587B)
[2026-04-01T21:13:44.640Z] GET http://localhost:4322/src/components/layout/Navigation.tsx → 200 (8ms, 23797B)
[2026-04-01T21:13:44.640Z] GET http://localhost:4322/node_modules/.vite/deps/@astrojs_react_client__js.js?v=04de21c0 → 200 (1ms, 5073B)
[2026-04-01T21:13:44.641Z] GET http://localhost:4322/src/components/blocks/panels/AccordionPanel.tsx → 200 (7ms, 11077B)
[2026-04-01T21:13:44.641Z] GET http://localhost:4322/src/components/layout/HeaderIsland.tsx → 200 (7ms, 3637B)
[2026-04-01T21:13:44.642Z] GET http://localhost:4322/node_modules/.vite/deps/astro___aria-query.js?v=04de21c0 → 200 (?ms, 205280B)
[2026-04-01T21:13:44.642Z] GET http://localhost:4322/node_modules/.vite/deps/astro___axobject-query.js?v=04de21c0 → 200 (?ms, 112534B)
[2026-04-01T21:13:44.644Z] GET http://localhost:4322/node_modules/.vite/deps/chunk-UOL6SM4K.js?v=3afa04c6 → 200 (?ms, 928328B)
[2026-04-01T21:13:44.644Z] GET http://localhost:4322/node_modules/.vite/deps/chunk-5ULDFCBR.js?v=3afa04c6 → 200 (1ms, 77791B)
[2026-04-01T21:13:44.645Z] GET http://localhost:4322/node_modules/.vite/deps/chunk-5WRI5ZAA.js?v=3afa04c6 → 200 (1ms, 7184B)
[2026-04-01T21:13:44.652Z] GET http://localhost:4322/node_modules/.vite/deps/react_jsx-dev-runtime.js?v=04de21c0 → 200 (?ms, 35991B)
[2026-04-01T21:13:44.652Z] GET http://localhost:4322/node_modules/.vite/deps/react.js?v=04de21c0 → 200 (?ms, 1024B)
[2026-04-01T21:13:44.652Z] GET http://localhost:4322/src/components/common/NavLink.tsx → 200 (15ms, 4507B)
[2026-04-01T21:13:44.653Z] GET http://localhost:4322/src/assets/images/wrenchbolt.svg?import → 200 (14ms, 1052B)
[2026-04-01T21:13:44.653Z] GET http://localhost:4322/src/assets/images/back-arrow.svg?import → 200 (14ms, 1064B)
[2026-04-01T21:13:44.653Z] GET http://localhost:4322/src/components/layout/Container.tsx → 200 (14ms, 3380B)
[2026-04-01T21:13:44.653Z] GET http://localhost:4322/src/components/common/Button.tsx → 200 (14ms, 4381B)
[2026-04-01T21:13:44.663Z] GET http://localhost:4322/src/components/common/ThemeProvider.tsx → 200 (4ms, 6214B)
[2026-04-01T21:13:44.663Z] GET http://localhost:4322/src/components/layout/Header.tsx → 200 (5ms, 8902B)
[2026-04-01T21:13:44.663Z] GET http://localhost:4322/src/components/common/PlusSymbol.tsx → 200 (5ms, 6730B)
[2026-04-01T21:13:44.669Z] GET http://localhost:4322/src/components/common/NeuroNoiseBackground.tsx → 304 (1ms, ?B)
[2026-04-01T21:13:44.669Z] GET http://localhost:4322/src/components/common/Logo.tsx → 304 (1ms, ?B)
[2026-04-01T21:13:44.669Z] GET http://localhost:4322/src/assets/images/background-pink.png?import → 304 (2ms, ?B)
[2026-04-01T21:13:44.669Z] GET http://localhost:4322/src/components/common/StarField.tsx → 304 (2ms, ?B)
[2026-04-01T21:13:44.677Z] GET http://localhost:4322/src/assets/images/stacks-logo.png?import → 304 (?ms, ?B)
[2026-04-01T21:13:44.677Z] GET http://localhost:4322/src/assets/images/mobile-logo-pink.svg?import → 304 (?ms, ?B)
[2026-04-01T21:13:44.679Z] GET http://localhost:4322/@fs/Users/jonathanspooner/Projects/website/src/assets/images/background-pink.png?origWidth=1684&origHeight=460&origFormat=png → 200 (1ms, 257237B)
[2026-04-01T21:13:44.680Z] GET http://localhost:4322/@fs/Users/jonathanspooner/Projects/website/src/assets/images/light-curriculum.png?origWidth=3407&origHeight=3407&origFormat=png → 200 (3ms, 24104793B)
[2026-04-01T21:13:44.700Z] GET http://localhost:4322/@fs/Users/jonathanspooner/Projects/website/src/assets/images/curriculum-page-1.png?origWidth=570&origHeight=427&origFormat=png → 200 (234ms, 460607B)
[2026-04-01T21:13:44.934Z] GET http://localhost:4322/@fs/Users/jonathanspooner/Projects/website/src/assets/images/wiring-curriculum.png?origWidth=920&origHeight=920&origFormat=png → 200 (?ms, 1253307B)
[2026-04-01T21:13:55.960Z] GET http://localhost:4322/curriculum/ → 200 (9ms, 65748B)
[2026-04-01T21:13:55.975Z] GET http://localhost:4322/fonts/inter-latin-100-normal.woff2 → 304 (13ms, ?B)
[2026-04-01T21:13:55.975Z] GET http://localhost:4322/@vite/client → 200 (20ms, 297591B)
[2026-04-01T21:13:55.975Z] GET http://localhost:4322/@fs/Users/jonathanspooner/Projects/website/node_modules/astro/dist/runtime/client/dev-toolbar/entrypoint.js?v=3afa04c6 → 200 (1ms, 52465B)
[2026-04-01T21:13:55.977Z] GET http://localhost:4322/src/styles/fonts.css → 200 (19ms, 2594B)
[2026-04-01T21:13:55.977Z] GET http://localhost:4322/src/styles/global.css → 200 (30ms, 9687B)
[2026-04-01T21:13:55.977Z] GET http://localhost:4322/src/components/layout/Header.module.css → 200 (32ms, 1203B)
[2026-04-01T21:13:55.977Z] GET http://localhost:4322/src/components/common/Logo.module.css → 200 (14ms, 1529B)
[2026-04-01T21:13:55.977Z] GET http://localhost:4322/src/components/common/StarField.module.css → 200 (30ms, 636B)
[2026-04-01T21:13:55.977Z] GET http://localhost:4322/src/components/layout/Navigation.module.css → 200 (32ms, 5743B)
[2026-04-01T21:13:55.977Z] GET http://localhost:4322/src/components/common/NavLink.module.css → 200 (30ms, 1895B)
[2026-04-01T21:13:55.977Z] GET http://localhost:4322/src/components/layout/Container.module.css → 200 (31ms, 788B)
[2026-04-01T21:13:55.977Z] GET http://localhost:4322/src/components/common/Button.module.css → 200 (31ms, 2147B)
[2026-04-01T21:13:55.977Z] GET http://localhost:4322/src/components/sections/ContactSection.module.css → 200 (33ms, 5708B)
[2026-04-01T21:13:55.977Z] GET http://localhost:4322/src/components/common/Modal.module.css → 200 (33ms, 2349B)
[2026-04-01T21:13:55.977Z] GET http://localhost:4322/src/components/common/SelectInput.module.css → 200 (33ms, 2178B)
[2026-04-01T21:13:55.982Z] GET http://localhost:4322/src/components/layout/Footer.module.css → 200 (28ms, 840B)
[2026-04-01T21:13:55.982Z] GET http://localhost:4322/src/components/layout/SectionHeader.module.css → 200 (29ms, 959B)
[2026-04-01T21:13:55.982Z] GET http://localhost:4322/src/components/blocks/panels/ImagePanel.module.css → 200 (29ms, 1604B)
[2026-04-01T21:13:55.982Z] GET http://localhost:4322/src/components/blocks/panels/AccordionPanel.module.css → 200 (32ms, 2646B)
[2026-04-01T21:13:55.982Z] GET http://localhost:4322/src/components/common/PlusSymbol.module.css → 200 (32ms, 1834B)
[2026-04-01T21:13:55.982Z] GET http://localhost:4322/src/components/blocks/block/Block.module.css → 200 (38ms, 1902B)
[2026-04-01T21:13:55.982Z] GET http://localhost:4322/src/components/common/Buffer.module.css → 200 (38ms, 711B)
[2026-04-01T21:13:55.983Z] GET http://localhost:4322/@id/__x00__astro:toolbar:internal → 200 (38ms, 8955B)
[2026-04-01T21:13:55.983Z] GET http://localhost:4322/node_modules/astro/dist/runtime/client/dev-toolbar/helpers.js?v=3afa04c6 → 200 (?ms, 14267B)
[2026-04-01T21:13:55.983Z] GET http://localhost:4322/node_modules/astro/dist/runtime/client/dev-toolbar/settings.js?v=3afa04c6 → 200 (?ms, 7936B)
[2026-04-01T21:13:55.983Z] GET http://localhost:4322/node_modules/astro/dist/runtime/client/dev-toolbar/ui-library/window.js?v=3afa04c6 → 200 (?ms, 19284B)
[2026-04-01T21:13:55.986Z] GET http://localhost:4322/@fs/Users/jonathanspooner/Projects/website/src/assets/images/stacks-logo.png?origWidth=3864&origHeight=337&origFormat=png → 304 (32ms, ?B)
[2026-04-01T21:13:55.986Z] GET http://localhost:4322/@id/astro:scripts/before-hydration.js → 200 (28ms, 988B)
[2026-04-01T21:13:55.986Z] GET http://localhost:4322/@fs/Users/jonathanspooner/Projects/website/src/assets/images/back-arrow.svg?origWidth=20&origHeight=18&origFormat=svg → 304 (55ms, ?B)
[2026-04-01T21:13:55.991Z] GET http://localhost:4322/fonts/inter-latin-700-normal.woff2 → 304 (4ms, ?B)
[2026-04-01T21:13:55.991Z] GET http://localhost:4322/fonts/inter-latin-600-normal.woff2 → 304 (5ms, ?B)
[2026-04-01T21:13:55.991Z] GET http://localhost:4322/fonts/MontaguSlab_120pt-Bold.ttf → 304 (16ms, ?B)
[2026-04-01T21:13:55.991Z] GET http://localhost:4322/fonts/inter-latin-400-normal.woff2 → 304 (13ms, ?B)
[2026-04-01T21:13:55.991Z] GET http://localhost:4322/@fs/Users/jonathanspooner/Projects/website/src/assets/images/wrenchbolt.svg?origWidth=41&origHeight=40&origFormat=svg → 304 (39ms, ?B)
[2026-04-01T21:13:55.992Z] GET http://localhost:4322/@fs/Users/jonathanspooner/Projects/website/src/assets/images/light-curriculum.png?origWidth=3407&origHeight=3407&origFormat=png → 200 (50ms, ?B)
[2026-04-01T21:13:55.992Z] GET http://localhost:4322/@fs/Users/jonathanspooner/Projects/website/src/assets/images/curriculum-page-1.png?origWidth=570&origHeight=427&origFormat=png → 200 (40ms, 460607B)
[2026-04-01T21:13:55.994Z] GET http://localhost:4322/@fs/Users/jonathanspooner/Projects/website/src/assets/images/wiring-curriculum.png?origWidth=920&origHeight=920&origFormat=png → 200 (47ms, 1253307B)
[2026-04-01T21:13:55.994Z] GET http://localhost:4322/@fs/Users/jonathanspooner/Projects/website/src/assets/images/contact-image.png?origWidth=620&origHeight=270&origFormat=png → 304 (47ms, ?B)
[2026-04-01T21:13:55.994Z] GET http://localhost:4322/@fs/Users/jonathanspooner/Projects/website/src/assets/images/location-icon.svg?origWidth=20&origHeight=21&origFormat=svg → 304 (48ms, ?B)
[2026-04-01T21:13:55.994Z] GET http://localhost:4322/@fs/Users/jonathanspooner/Projects/website/src/assets/images/phone-icon.svg?origWidth=20&origHeight=21&origFormat=svg → 304 (48ms, ?B)
[2026-04-01T21:13:55.995Z] GET http://localhost:4322/node_modules/vite/dist/client/env.mjs → 200 (25ms, 4586B)
[2026-04-01T21:13:56.018Z] GET http://localhost:4322/@react-refresh → 200 (63ms, 113132B)
[2026-04-01T21:13:56.022Z] GET http://localhost:4322/node_modules/astro/dist/runtime/client/dev-toolbar/apps/astro.js?v=3afa04c6 → 200 (?ms, 109029B)
[2026-04-01T21:13:56.024Z] GET http://localhost:4322/node_modules/astro/dist/runtime/client/dev-toolbar/apps/audit/index.js?v=3afa04c6 → 200 (?ms, 37694B)
[2026-04-01T21:13:56.024Z] GET http://localhost:4322/node_modules/astro/dist/runtime/client/dev-toolbar/apps/xray.js?v=3afa04c6 → 200 (?ms, 30990B)
[2026-04-01T21:13:56.026Z] GET http://localhost:4322/node_modules/astro/dist/runtime/client/dev-toolbar/apps/settings.js?v=3afa04c6 → 200 (?ms, 35003B)
[2026-04-01T21:13:56.026Z] GET http://localhost:4322/node_modules/astro/dist/runtime/client/dev-toolbar/toolbar.js?v=3afa04c6 → 200 (?ms, 86326B)
[2026-04-01T21:13:56.029Z] GET http://localhost:4322/node_modules/astro/dist/runtime/client/dev-toolbar/ui-library/index.js?v=3afa04c6 → 200 (?ms, 6537B)
[2026-04-01T21:13:56.052Z] GET http://localhost:4322/node_modules/astro/dist/runtime/client/dev-toolbar/ui-library/icons.js?v=3afa04c6 → 200 (?ms, 277585B)
[2026-04-01T21:13:56.052Z] GET http://localhost:4322/node_modules/astro/dist/runtime/client/dev-toolbar/apps/utils/icons.js?v=3afa04c6 → 200 (?ms, 5650B)
[2026-04-01T21:13:56.052Z] GET http://localhost:4322/node_modules/astro/dist/runtime/client/dev-toolbar/apps/utils/window.js?v=3afa04c6 → 200 (?ms, 7595B)
[2026-04-01T21:13:56.052Z] GET http://localhost:4322/node_modules/astro/dist/runtime/client/dev-toolbar/apps/utils/highlight.js?v=3afa04c6 → 200 (?ms, 11750B)
[2026-04-01T21:13:56.052Z] GET http://localhost:4322/node_modules/astro/dist/runtime/client/dev-toolbar/apps/audit/annotations.js?v=3afa04c6 → 200 (?ms, 3862B)
[2026-04-01T21:13:56.055Z] GET http://localhost:4322/node_modules/astro/dist/runtime/client/dev-toolbar/apps/audit/rules/index.js?v=3afa04c6 → 200 (?ms, 7035B)
[2026-04-01T21:13:56.055Z] GET http://localhost:4322/node_modules/astro/dist/runtime/client/dev-toolbar/apps/audit/ui/audit-list-item.js?v=3afa04c6 → 200 (?ms, 16740B)
[2026-04-01T21:13:56.056Z] GET http://localhost:4322/node_modules/astro/dist/runtime/client/dev-toolbar/apps/audit/ui/audit-list-window.js?v=3afa04c6 → 200 (?ms, 52021B)
[2026-04-01T21:13:56.056Z] GET http://localhost:4322/node_modules/astro/dist/runtime/client/dev-toolbar/apps/audit/ui/audit-ui.js?v=3afa04c6 → 200 (1ms, 28018B)
[2026-04-01T21:13:56.057Z] GET http://localhost:4322/node_modules/html-escaper/esm/index.js?v=3afa04c6 → 200 (?ms, 12896B)
[2026-04-01T21:13:56.057Z] GET http://localhost:4322/node_modules/astro/dist/runtime/client/dev-toolbar/ui-library/badge.js?v=3afa04c6 → 200 (9ms, 16480B)
[2026-04-01T21:13:56.067Z] GET http://localhost:4322/node_modules/astro/dist/runtime/client/dev-toolbar/ui-library/button.js?v=3afa04c6 → 200 (?ms, 25195B)
[2026-04-01T21:13:56.069Z] GET http://localhost:4322/node_modules/astro/dist/runtime/client/dev-toolbar/ui-library/card.js?v=3afa04c6 → 200 (?ms, 19839B)
[2026-04-01T21:13:56.069Z] GET http://localhost:4322/node_modules/astro/dist/runtime/client/dev-toolbar/ui-library/highlight.js?v=3afa04c6 → 200 (?ms, 21660B)
[2026-04-01T21:13:56.069Z] GET http://localhost:4322/node_modules/astro/dist/runtime/client/dev-toolbar/ui-library/icon.js?v=3afa04c6 → 200 (8ms, 5667B)
[2026-04-01T21:13:56.077Z] GET http://localhost:4322/node_modules/astro/dist/runtime/client/dev-toolbar/ui-library/radio-checkbox.js?v=3afa04c6 → 200 (?ms, 16332B)
[2026-04-01T21:13:56.077Z] GET http://localhost:4322/node_modules/astro/dist/runtime/client/dev-toolbar/ui-library/select.js?v=3afa04c6 → 200 (?ms, 18147B)
[2026-04-01T21:13:56.080Z] GET http://localhost:4322/node_modules/astro/dist/runtime/client/dev-toolbar/ui-library/toggle.js?v=3afa04c6 → 200 (?ms, 19016B)
[2026-04-01T21:13:56.080Z] GET http://localhost:4322/node_modules/astro/dist/runtime/client/dev-toolbar/ui-library/tooltip.js?v=3afa04c6 → 200 (?ms, 23080B)
[2026-04-01T21:13:56.083Z] GET http://localhost:4322/node_modules/astro/dist/runtime/client/dev-toolbar/apps/audit/rules/a11y.js?v=3afa04c6 → 200 (?ms, 122184B)
[2026-04-01T21:13:56.084Z] GET http://localhost:4322/node_modules/astro/dist/runtime/client/dev-toolbar/apps/audit/rules/perf.js?v=3afa04c6 → 200 (?ms, 23587B)
[2026-04-01T21:13:56.085Z] GET http://localhost:4322/node_modules/.vite/deps/astro___aria-query.js?v=04de21c0 → 200 (1ms, 205280B)
[2026-04-01T21:13:56.086Z] GET http://localhost:4322/node_modules/.vite/deps/astro___axobject-query.js?v=04de21c0 → 200 (?ms, 112534B)
[2026-04-01T21:13:56.087Z] GET http://localhost:4322/node_modules/.vite/deps/chunk-5WRI5ZAA.js?v=3afa04c6 → 200 (?ms, 7184B)
[2026-04-01T21:13:56.087Z] GET http://localhost:4322/src/components/layout/Navigation.tsx → 200 (3ms, 23797B)
[2026-04-01T21:13:56.087Z] GET http://localhost:4322/node_modules/.vite/deps/@astrojs_react_client__js.js?v=04de21c0 → 200 (?ms, 5073B)
[2026-04-01T21:13:56.088Z] GET http://localhost:4322/src/components/blocks/panels/AccordionPanel.tsx → 200 (8ms, 11077B)
[2026-04-01T21:13:56.088Z] GET http://localhost:4322/src/components/layout/HeaderIsland.tsx → 200 (8ms, 3637B)
[2026-04-01T21:13:56.089Z] GET http://localhost:4322/node_modules/.vite/deps/chunk-UOL6SM4K.js?v=3afa04c6 → 200 (?ms, 928328B)
[2026-04-01T21:13:56.089Z] GET http://localhost:4322/node_modules/.vite/deps/chunk-5ULDFCBR.js?v=3afa04c6 → 200 (1ms, 77791B)
[2026-04-01T21:13:56.100Z] GET http://localhost:4322/node_modules/.vite/deps/react_jsx-dev-runtime.js?v=04de21c0 → 200 (?ms, 35991B)
[2026-04-01T21:13:56.100Z] GET http://localhost:4322/node_modules/.vite/deps/react.js?v=04de21c0 → 200 (1ms, 1024B)
[2026-04-01T21:13:56.101Z] GET http://localhost:4322/src/components/common/NavLink.tsx → 200 (4ms, 4507B)
[2026-04-01T21:13:56.101Z] GET http://localhost:4322/src/assets/images/wrenchbolt.svg?import → 200 (4ms, 1052B)
[2026-04-01T21:13:56.101Z] GET http://localhost:4322/src/assets/images/back-arrow.svg?import → 200 (5ms, 1064B)
[2026-04-01T21:13:56.101Z] GET http://localhost:4322/src/components/layout/Container.tsx → 200 (5ms, 3380B)
[2026-04-01T21:13:56.101Z] GET http://localhost:4322/src/components/common/Button.tsx → 200 (5ms, 4381B)
[2026-04-01T21:13:56.101Z] GET http://localhost:4322/src/components/common/PlusSymbol.tsx → 200 (4ms, 6730B)
[2026-04-01T21:13:56.101Z] GET http://localhost:4322/src/components/common/ThemeProvider.tsx → 200 (6ms, 6214B)
[2026-04-01T21:13:56.101Z] GET http://localhost:4322/src/components/layout/Header.tsx → 200 (5ms, 8902B)
[2026-04-01T21:13:56.107Z] GET http://localhost:4322/src/components/common/NeuroNoiseBackground.tsx → 200 (18ms, 38380B)
[2026-04-01T21:13:56.107Z] GET http://localhost:4322/src/components/common/Logo.tsx → 200 (18ms, 9543B)
[2026-04-01T21:13:56.107Z] GET http://localhost:4322/src/assets/images/background-pink.png?import → 200 (18ms, 1095B)
[2026-04-01T21:13:56.107Z] GET http://localhost:4322/src/components/common/StarField.tsx → 200 (18ms, 20412B)
[2026-04-01T21:13:56.126Z] GET http://localhost:4322/src/assets/images/stacks-logo.png?import → 200 (5ms, 1083B)
[2026-04-01T21:13:56.126Z] GET http://localhost:4322/src/assets/images/mobile-logo-pink.svg?import → 200 (5ms, 1104B)
[2026-04-01T21:13:56.127Z] GET http://localhost:4322/@fs/Users/jonathanspooner/Projects/website/src/assets/images/light-curriculum.png?origWidth=3407&origHeight=3407&origFormat=png → 200 (10ms, 24104793B)
[2026-04-01T21:13:56.141Z] GET http://localhost:4322/@fs/Users/jonathanspooner/Projects/website/src/assets/images/background-pink.png?origWidth=1684&origHeight=460&origFormat=png → 304 (10ms, ?B)
[2026-04-01T21:13:56.154Z] GET http://localhost:4322/@fs/Users/jonathanspooner/Projects/website/src/assets/images/curriculum-page-1.png?origWidth=570&origHeight=427&origFormat=png → 200 (?ms, 460607B)
[2026-04-01T21:13:56.154Z] GET http://localhost:4322/@fs/Users/jonathanspooner/Projects/website/src/assets/images/wiring-curriculum.png?origWidth=920&origHeight=920&origFormat=png → 200 (?ms, 1253307B)
